# JRE version: OpenJDK Runtime Environment (8.0_152-b06) (build 1.8.0_152-release-1136-b06)
# Java VM: OpenJDK 64-Bit Server VM (25.152-b06 mixed mode windows-amd64 compressed oops)
Heap:
 PSYoungGen      total 345088K, used 141951K [0x00000000e0000000, 0x00000000fa600000, 0x0000000100000000)
  eden space 300032K, 33% used [0x00000000e0000000,0x00000000e6352ec8,0x00000000f2500000)
  from space 45056K, 89% used [0x00000000f2500000,0x00000000f4c4d0b0,0x00000000f5100000)
  to   space 50688K, 0% used [0x00000000f7480000,0x00000000f7480000,0x00000000fa600000)
 ParOldGen       total 168448K, used 53059K [0x00000000a0000000, 0x00000000aa480000, 0x00000000e0000000)
  object space 168448K, 31% used [0x00000000a0000000,0x00000000a33d0ed8,0x00000000aa480000)
 Metaspace       used 87877K, capacity 92104K, committed 92376K, reserved 1130496K
  class space    used 11272K, capacity 12235K, committed 12288K, reserved 1048576K
GC Heap History (10 events):
Event: 31.120 GC heap before
{Heap before GC invocations=20 (full 3):
 PSYoungGen      total 273920K, used 256175K [0x00000000e0000000, 0x00000000f2980000, 0x0000000100000000)
  eden space 245248K, 100% used [0x00000000e0000000,0x00000000eef80000,0x00000000eef80000)
  from space 28672K, 38% used [0x00000000f0d80000,0x00000000f182bc88,0x00000000f2980000)
  to   space 29696K, 0% used [0x00000000eef80000,0x00000000eef80000,0x00000000f0c80000)
 ParOldGen       total 168448K, used 41954K [0x00000000a0000000, 0x00000000aa480000, 0x00000000e0000000)
  object space 168448K, 24% used [0x00000000a0000000,0x00000000a28f8920,0x00000000aa480000)
 Metaspace       used 60600K, capacity 63242K, committed 63448K, reserved 1103872K
  class space    used 7997K, capacity 8659K, committed 8704K, reserved 1048576K
Event: 31.126 GC heap after
Heap after GC invocations=20 (full 3):
 PSYoungGen      total 274944K, used 4573K [0x00000000e0000000, 0x00000000f4b80000, 0x0000000100000000)
  eden space 245248K, 0% used [0x00000000e0000000,0x00000000e0000000,0x00000000eef80000)
  from space 29696K, 15% used [0x00000000eef80000,0x00000000ef3f75b0,0x00000000f0c80000)
  to   space 29696K, 0% used [0x00000000f2e80000,0x00000000f2e80000,0x00000000f4b80000)
 ParOldGen       total 168448K, used 41962K [0x00000000a0000000, 0x00000000aa480000, 0x00000000e0000000)
  object space 168448K, 24% used [0x00000000a0000000,0x00000000a28fa920,0x00000000aa480000)
 Metaspace       used 60600K, capacity 63242K, committed 63448K, reserved 1103872K
  class space    used 7997K, capacity 8659K, committed 8704K, reserved 1048576K
}
Event: 36.140 GC heap before
{Heap before GC invocations=21 (full 3):
 PSYoungGen      total 274944K, used 249821K [0x00000000e0000000, 0x00000000f4b80000, 0x0000000100000000)
  eden space 245248K, 100% used [0x00000000e0000000,0x00000000eef80000,0x00000000eef80000)
  from space 29696K, 15% used [0x00000000eef80000,0x00000000ef3f75b0,0x00000000f0c80000)
  to   space 29696K, 0% used [0x00000000f2e80000,0x00000000f2e80000,0x00000000f4b80000)
 ParOldGen       total 168448K, used 41962K [0x00000000a0000000, 0x00000000aa480000, 0x00000000e0000000)
  object space 168448K, 24% used [0x00000000a0000000,0x00000000a28fa920,0x00000000aa480000)
 Metaspace       used 66281K, capacity 69198K, committed 69464K, reserved 1110016K
  class space    used 8581K, capacity 9297K, committed 9344K, reserved 1048576K
Event: 36.156 GC heap after
Heap after GC invocations=21 (full 3):
 PSYoungGen      total 303616K, used 20678K [0x00000000e0000000, 0x00000000f4980000, 0x0000000100000000)
  eden space 275968K, 0% used [0x00000000e0000000,0x00000000e0000000,0x00000000f0d80000)
  from space 27648K, 74% used [0x00000000f2e80000,0x00000000f42b19d8,0x00000000f4980000)
  to   space 30720K, 0% used [0x00000000f0d80000,0x00000000f0d80000,0x00000000f2b80000)
 ParOldGen       total 168448K, used 41970K [0x00000000a0000000, 0x00000000aa480000, 0x00000000e0000000)
  object space 168448K, 24% used [0x00000000a0000000,0x00000000a28fc920,0x00000000aa480000)
 Metaspace       used 66281K, capacity 69198K, committed 69464K, reserved 1110016K
  class space    used 8581K, capacity 9297K, committed 9344K, reserved 1048576K
}
Event: 50.781 GC heap before
{Heap before GC invocations=22 (full 3):
 PSYoungGen      total 303616K, used 296646K [0x00000000e0000000, 0x00000000f4980000, 0x0000000100000000)
  eden space 275968K, 100% used [0x00000000e0000000,0x00000000f0d80000,0x00000000f0d80000)
  from space 27648K, 74% used [0x00000000f2e80000,0x00000000f42b19d8,0x00000000f4980000)
  to   space 30720K, 0% used [0x00000000f0d80000,0x00000000f0d80000,0x00000000f2b80000)
 ParOldGen       total 168448K, used 41970K [0x00000000a0000000, 0x00000000aa480000, 0x00000000e0000000)
  object space 168448K, 24% used [0x00000000a0000000,0x00000000a28fc920,0x00000000aa480000)
 Metaspace       used 78978K, capacity 82856K, committed 83160K, reserved 1122304K
  class space    used 10250K, capacity 11169K, committed 11264K, reserved 1048576K
Event: 50.815 GC heap after
Heap after GC invocations=22 (full 3):
 PSYoungGen      total 306688K, used 30695K [0x00000000e0000000, 0x00000000f7780000, 0x0000000100000000)
  eden space 275968K, 0% used [0x00000000e0000000,0x00000000e0000000,0x00000000f0d80000)
  from space 30720K, 99% used [0x00000000f0d80000,0x00000000f2b79c80,0x00000000f2b80000)
  to   space 39424K, 0% used [0x00000000f5100000,0x00000000f5100000,0x00000000f7780000)
 ParOldGen       total 168448K, used 53043K [0x00000000a0000000, 0x00000000aa480000, 0x00000000e0000000)
  object space 168448K, 31% used [0x00000000a0000000,0x00000000a33cced8,0x00000000aa480000)
 Metaspace       used 78978K, capacity 82856K, committed 83160K, reserved 1122304K
  class space    used 10250K, capacity 11169K, committed 11264K, reserved 1048576K
}
Event: 56.483 GC heap before
{Heap before GC invocations=23 (full 3):
 PSYoungGen      total 306688K, used 306663K [0x00000000e0000000, 0x00000000f7780000, 0x0000000100000000)
  eden space 275968K, 100% used [0x00000000e0000000,0x00000000f0d80000,0x00000000f0d80000)
  from space 30720K, 99% used [0x00000000f0d80000,0x00000000f2b79c80,0x00000000f2b80000)
  to   space 39424K, 0% used [0x00000000f5100000,0x00000000f5100000,0x00000000f7780000)
 ParOldGen       total 168448K, used 53043K [0x00000000a0000000, 0x00000000aa480000, 0x00000000e0000000)
  object space 168448K, 31% used [0x00000000a0000000,0x00000000a33cced8,0x00000000aa480000)
 Metaspace       used 83787K, capacity 87834K, committed 87896K, reserved 1126400K
  class space    used 10914K, capacity 11862K, committed 11904K, reserved 1048576K
Event: 56.515 GC heap after
Heap after GC invocations=23 (full 3):
 PSYoungGen      total 339456K, used 38821K [0x00000000e0000000, 0x00000000f8100000, 0x0000000100000000)
  eden space 300032K, 0% used [0x00000000e0000000,0x00000000e0000000,0x00000000f2500000)
  from space 39424K, 98% used [0x00000000f5100000,0x00000000f76e9550,0x00000000f7780000)
  to   space 45056K, 0% used [0x00000000f2500000,0x00000000f2500000,0x00000000f5100000)
 ParOldGen       total 168448K, used 53051K [0x00000000a0000000, 0x00000000aa480000, 0x00000000e0000000)
  object space 168448K, 31% used [0x00000000a0000000,0x00000000a33ceed8,0x00000000aa480000)
 Metaspace       used 83787K, capacity 87834K, committed 87896K, reserved 1126400K
  class space    used 10914K, capacity 11862K, committed 11904K, reserved 1048576K
}
Event: 60.660 GC heap before
{Heap before GC invocations=24 (full 3):
 PSYoungGen      total 339456K, used 338853K [0x00000000e0000000, 0x00000000f8100000, 0x0000000100000000)
  eden space 300032K, 100% used [0x00000000e0000000,0x00000000f2500000,0x00000000f2500000)
  from space 39424K, 98% used [0x00000000f5100000,0x00000000f76e9550,0x00000000f7780000)
  to   space 45056K, 0% used [0x00000000f2500000,0x00000000f2500000,0x00000000f5100000)
 ParOldGen       total 168448K, used 53051K [0x00000000a0000000, 0x00000000aa480000, 0x00000000e0000000)
  object space 168448K, 31% used [0x00000000a0000000,0x00000000a33ceed8,0x00000000aa480000)
 Metaspace       used 85170K, capacity 89412K, committed 89560K, reserved 1126400K
  class space    used 11049K, capacity 12007K, committed 12032K, reserved 1048576K
Event: 60.689 GC heap after
Heap after GC invocations=24 (full 3):
 PSYoungGen      total 345088K, used 40244K [0x00000000e0000000, 0x00000000fa600000, 0x0000000100000000)
  eden space 300032K, 0% used [0x00000000e0000000,0x00000000e0000000,0x00000000f2500000)
  from space 45056K, 89% used [0x00000000f2500000,0x00000000f4c4d0b0,0x00000000f5100000)
  to   space 50688K, 0% used [0x00000000f7480000,0x00000000f7480000,0x00000000fa600000)
 ParOldGen       total 168448K, used 53059K [0x00000000a0000000, 0x00000000aa480000, 0x00000000e0000000)
  object space 168448K, 31% used [0x00000000a0000000,0x00000000a33d0ed8,0x00000000aa480000)
 Metaspace       used 85170K, capacity 89412K, committed 89560K, reserved 1126400K
  class space    used 11049K, capacity 12007K, committed 12032K, reserved 1048576K
}

