# JRE version: OpenJDK Runtime Environment (8.0_152-b06) (build 1.8.0_152-release-1136-b06)
# Java VM: OpenJDK 64-Bit Server VM (25.152-b06 mixed mode windows-amd64 compressed oops)
Heap:
 PSYoungGen      total 333824K, used 160521K [0x00000000e0000000, 0x00000000f7980000, 0x0000000100000000)
  eden space 290304K, 53% used [0x00000000e0000000,0x00000000e983b9a8,0x00000000f1b80000)
  from space 43520K, 10% used [0x00000000f4f00000,0x00000000f5386e50,0x00000000f7980000)
  to   space 48128K, 0% used [0x00000000f1b80000,0x00000000f1b80000,0x00000000f4a80000)
 ParOldGen       total 311296K, used 137575K [0x00000000a0000000, 0x00000000b3000000, 0x00000000e0000000)
  object space 311296K, 44% used [0x00000000a0000000,0x00000000a8659db0,0x00000000b3000000)
 Metaspace       used 71271K, capacity 75158K, committed 75352K, reserved 1114112K
  class space    used 9383K, capacity 10269K, committed 10368K, reserved 1048576K
GC Heap History (10 events):
Event: 18.396 GC heap before
{Heap before GC invocations=16 (full 3):
 PSYoungGen      total 228864K, used 205312K [0x00000000e0000000, 0x00000000eff00000, 0x0000000100000000)
  eden space 205312K, 100% used [0x00000000e0000000,0x00000000ec880000,0x00000000ec880000)
  from space 23552K, 0% used [0x00000000ee180000,0x00000000ee180000,0x00000000ef880000)
  to   space 25600K, 0% used [0x00000000ec880000,0x00000000ec880000,0x00000000ee180000)
 ParOldGen       total 157184K, used 44824K [0x00000000a0000000, 0x00000000a9980000, 0x00000000e0000000)
  object space 157184K, 28% used [0x00000000a0000000,0x00000000a2bc6258,0x00000000a9980000)
 Metaspace       used 63149K, capacity 65944K, committed 66136K, reserved 1105920K
  class space    used 8362K, capacity 9041K, committed 9088K, reserved 1048576K
Event: 18.417 GC heap after
Heap after GC invocations=16 (full 3):
 PSYoungGen      total 230912K, used 25572K [0x00000000e0000000, 0x00000000f2c80000, 0x0000000100000000)
  eden space 205312K, 0% used [0x00000000e0000000,0x00000000e0000000,0x00000000ec880000)
  from space 25600K, 99% used [0x00000000ec880000,0x00000000ee179208,0x00000000ee180000)
  to   space 29696K, 0% used [0x00000000f0f80000,0x00000000f0f80000,0x00000000f2c80000)
 ParOldGen       total 157184K, used 46662K [0x00000000a0000000, 0x00000000a9980000, 0x00000000e0000000)
  object space 157184K, 29% used [0x00000000a0000000,0x00000000a2d919a0,0x00000000a9980000)
 Metaspace       used 63149K, capacity 65944K, committed 66136K, reserved 1105920K
  class space    used 8362K, capacity 9041K, committed 9088K, reserved 1048576K
}
Event: 20.819 GC heap before
{Heap before GC invocations=17 (full 3):
 PSYoungGen      total 230912K, used 223585K [0x00000000e0000000, 0x00000000f2c80000, 0x0000000100000000)
  eden space 205312K, 96% used [0x00000000e0000000,0x00000000ec15f3a8,0x00000000ec880000)
  from space 25600K, 99% used [0x00000000ec880000,0x00000000ee179208,0x00000000ee180000)
  to   space 29696K, 0% used [0x00000000f0f80000,0x00000000f0f80000,0x00000000f2c80000)
 ParOldGen       total 157184K, used 46662K [0x00000000a0000000, 0x00000000a9980000, 0x00000000e0000000)
  object space 157184K, 29% used [0x00000000a0000000,0x00000000a2d919a0,0x00000000a9980000)
 Metaspace       used 69153K, capacity 72170K, committed 72408K, reserved 1112064K
  class space    used 9178K, capacity 9938K, committed 9984K, reserved 1048576K
Event: 20.848 GC heap after
Heap after GC invocations=17 (full 3):
 PSYoungGen      total 262656K, used 29693K [0x00000000e0000000, 0x00000000f4780000, 0x0000000100000000)
  eden space 232960K, 0% used [0x00000000e0000000,0x00000000e0000000,0x00000000ee380000)
  from space 29696K, 99% used [0x00000000f0f80000,0x00000000f2c7f5b0,0x00000000f2c80000)
  to   space 45056K, 0% used [0x00000000ee380000,0x00000000ee380000,0x00000000f0f80000)
 ParOldGen       total 157184K, used 76912K [0x00000000a0000000, 0x00000000a9980000, 0x00000000e0000000)
  object space 157184K, 48% used [0x00000000a0000000,0x00000000a4b1c0e0,0x00000000a9980000)
 Metaspace       used 69153K, capacity 72170K, committed 72408K, reserved 1112064K
  class space    used 9178K, capacity 9938K, committed 9984K, reserved 1048576K
}
Event: 21.420 GC heap before
{Heap before GC invocations=18 (full 3):
 PSYoungGen      total 262656K, used 252891K [0x00000000e0000000, 0x00000000f4780000, 0x0000000100000000)
  eden space 232960K, 95% used [0x00000000e0000000,0x00000000ed9f7740,0x00000000ee380000)
  from space 29696K, 99% used [0x00000000f0f80000,0x00000000f2c7f5b0,0x00000000f2c80000)
  to   space 45056K, 0% used [0x00000000ee380000,0x00000000ee380000,0x00000000f0f80000)
 ParOldGen       total 157184K, used 76912K [0x00000000a0000000, 0x00000000a9980000, 0x00000000e0000000)
  object space 157184K, 48% used [0x00000000a0000000,0x00000000a4b1c0e0,0x00000000a9980000)
 Metaspace       used 69257K, capacity 72338K, committed 72408K, reserved 1112064K
  class space    used 9195K, capacity 9946K, committed 9984K, reserved 1048576K
Event: 21.458 GC heap after
Heap after GC invocations=18 (full 3):
 PSYoungGen      total 278016K, used 34494K [0x00000000e0000000, 0x00000000f7e80000, 0x0000000100000000)
  eden space 232960K, 0% used [0x00000000e0000000,0x00000000e0000000,0x00000000ee380000)
  from space 45056K, 76% used [0x00000000ee380000,0x00000000f052fbb8,0x00000000f0f80000)
  to   space 48640K, 0% used [0x00000000f4f00000,0x00000000f4f00000,0x00000000f7e80000)
 ParOldGen       total 157184K, used 139258K [0x00000000a0000000, 0x00000000a9980000, 0x00000000e0000000)
  object space 157184K, 88% used [0x00000000a0000000,0x00000000a87fea78,0x00000000a9980000)
 Metaspace       used 69257K, capacity 72338K, committed 72408K, reserved 1112064K
  class space    used 9195K, capacity 9946K, committed 9984K, reserved 1048576K
}
Event: 21.458 GC heap before
{Heap before GC invocations=19 (full 4):
 PSYoungGen      total 278016K, used 34494K [0x00000000e0000000, 0x00000000f7e80000, 0x0000000100000000)
  eden space 232960K, 0% used [0x00000000e0000000,0x00000000e0000000,0x00000000ee380000)
  from space 45056K, 76% used [0x00000000ee380000,0x00000000f052fbb8,0x00000000f0f80000)
  to   space 48640K, 0% used [0x00000000f4f00000,0x00000000f4f00000,0x00000000f7e80000)
 ParOldGen       total 157184K, used 139258K [0x00000000a0000000, 0x00000000a9980000, 0x00000000e0000000)
  object space 157184K, 88% used [0x00000000a0000000,0x00000000a87fea78,0x00000000a9980000)
 Metaspace       used 69257K, capacity 72338K, committed 72408K, reserved 1112064K
  class space    used 9195K, capacity 9946K, committed 9984K, reserved 1048576K
Event: 21.634 GC heap after
Heap after GC invocations=19 (full 4):
 PSYoungGen      total 278016K, used 0K [0x00000000e0000000, 0x00000000f7e80000, 0x0000000100000000)
  eden space 232960K, 0% used [0x00000000e0000000,0x00000000e0000000,0x00000000ee380000)
  from space 45056K, 0% used [0x00000000ee380000,0x00000000ee380000,0x00000000f0f80000)
  to   space 48640K, 0% used [0x00000000f4f00000,0x00000000f4f00000,0x00000000f7e80000)
 ParOldGen       total 311296K, used 137567K [0x00000000a0000000, 0x00000000b3000000, 0x00000000e0000000)
  object space 311296K, 44% used [0x00000000a0000000,0x00000000a8657db0,0x00000000b3000000)
 Metaspace       used 69257K, capacity 72338K, committed 72408K, reserved 1112064K
  class space    used 9195K, capacity 9946K, committed 9984K, reserved 1048576K
}
Event: 888.340 GC heap before
{Heap before GC invocations=20 (full 4):
 PSYoungGen      total 278016K, used 232960K [0x00000000e0000000, 0x00000000f7e80000, 0x0000000100000000)
  eden space 232960K, 100% used [0x00000000e0000000,0x00000000ee380000,0x00000000ee380000)
  from space 45056K, 0% used [0x00000000ee380000,0x00000000ee380000,0x00000000f0f80000)
  to   space 48640K, 0% used [0x00000000f4f00000,0x00000000f4f00000,0x00000000f7e80000)
 ParOldGen       total 311296K, used 137567K [0x00000000a0000000, 0x00000000b3000000, 0x00000000e0000000)
  object space 311296K, 44% used [0x00000000a0000000,0x00000000a8657db0,0x00000000b3000000)
 Metaspace       used 69998K, capacity 73224K, committed 73304K, reserved 1112064K
  class space    used 9261K, capacity 10057K, committed 10112K, reserved 1048576K
Event: 888.348 GC heap after
Heap after GC invocations=20 (full 4):
 PSYoungGen      total 333824K, used 4635K [0x00000000e0000000, 0x00000000f7980000, 0x0000000100000000)
  eden space 290304K, 0% used [0x00000000e0000000,0x00000000e0000000,0x00000000f1b80000)
  from space 43520K, 10% used [0x00000000f4f00000,0x00000000f5386e50,0x00000000f7980000)
  to   space 48128K, 0% used [0x00000000f1b80000,0x00000000f1b80000,0x00000000f4a80000)
 ParOldGen       total 311296K, used 137575K [0x00000000a0000000, 0x00000000b3000000, 0x00000000e0000000)
  object space 311296K, 44% used [0x00000000a0000000,0x00000000a8659db0,0x00000000b3000000)
 Metaspace       used 69998K, capacity 73224K, committed 73304K, reserved 1112064K
  class space    used 9261K, capacity 10057K, committed 10112K, reserved 1048576K
}

