# JRE version: OpenJDK Runtime Environment (8.0_152-b06) (build 1.8.0_152-release-1136-b06)
# Java VM: OpenJDK 64-Bit Server VM (25.152-b06 mixed mode windows-amd64 compressed oops)
Heap:
 PSYoungGen      total 137728K, used 46572K [0x00000000e0000000, 0x00000000ec500000, 0x0000000100000000)
  eden space 126976K, 28% used [0x00000000e0000000,0x00000000e23014f0,0x00000000e7c00000)
  from space 10752K, 99% used [0x00000000e8e00000,0x00000000e9879b58,0x00000000e9880000)
  to   space 18432K, 0% used [0x00000000e7c00000,0x00000000e7c00000,0x00000000e8e00000)
 ParOldGen       total 103936K, used 27958K [0x00000000a0000000, 0x00000000a6580000, 0x00000000e0000000)
  object space 103936K, 26% used [0x00000000a0000000,0x00000000a1b4dae0,0x00000000a6580000)
 Metaspace       used 48869K, capacity 50436K, committed 50520K, reserved 1093632K
  class space    used 6589K, capacity 7011K, committed 7040K, reserved 1048576K
GC Heap History (10 events):
Event: 3.373 GC heap before
{Heap before GC invocations=8 (full 1):
 PSYoungGen      total 102912K, used 39911K [0x00000000e0000000, 0x00000000e7100000, 0x0000000100000000)
  eden space 92160K, 31% used [0x00000000e0000000,0x00000000e1cc9440,0x00000000e5a00000)
  from space 10752K, 97% used [0x00000000e6600000,0x00000000e7030870,0x00000000e7080000)
  to   space 11776K, 0% used [0x00000000e5a00000,0x00000000e5a00000,0x00000000e6580000)
 ParOldGen       total 68096K, used 11375K [0x00000000a0000000, 0x00000000a4280000, 0x00000000e0000000)
  object space 68096K, 16% used [0x00000000a0000000,0x00000000a0b1bf60,0x00000000a4280000)
 Metaspace       used 34714K, capacity 35340K, committed 35416K, reserved 1079296K
  class space    used 4739K, capacity 4965K, committed 4992K, reserved 1048576K
Event: 3.381 GC heap after
Heap after GC invocations=8 (full 1):
 PSYoungGen      total 103936K, used 9703K [0x00000000e0000000, 0x00000000e9a00000, 0x0000000100000000)
  eden space 92160K, 0% used [0x00000000e0000000,0x00000000e0000000,0x00000000e5a00000)
  from space 11776K, 82% used [0x00000000e5a00000,0x00000000e6379d28,0x00000000e6580000)
  to   space 12288K, 0% used [0x00000000e8e00000,0x00000000e8e00000,0x00000000e9a00000)
 ParOldGen       total 68096K, used 11383K [0x00000000a0000000, 0x00000000a4280000, 0x00000000e0000000)
  object space 68096K, 16% used [0x00000000a0000000,0x00000000a0b1df60,0x00000000a4280000)
 Metaspace       used 34714K, capacity 35340K, committed 35416K, reserved 1079296K
  class space    used 4739K, capacity 4965K, committed 4992K, reserved 1048576K
}
Event: 3.381 GC heap before
{Heap before GC invocations=9 (full 2):
 PSYoungGen      total 103936K, used 9703K [0x00000000e0000000, 0x00000000e9a00000, 0x0000000100000000)
  eden space 92160K, 0% used [0x00000000e0000000,0x00000000e0000000,0x00000000e5a00000)
  from space 11776K, 82% used [0x00000000e5a00000,0x00000000e6379d28,0x00000000e6580000)
  to   space 12288K, 0% used [0x00000000e8e00000,0x00000000e8e00000,0x00000000e9a00000)
 ParOldGen       total 68096K, used 11383K [0x00000000a0000000, 0x00000000a4280000, 0x00000000e0000000)
  object space 68096K, 16% used [0x00000000a0000000,0x00000000a0b1df60,0x00000000a4280000)
 Metaspace       used 34714K, capacity 35340K, committed 35416K, reserved 1079296K
  class space    used 4739K, capacity 4965K, committed 4992K, reserved 1048576K
Event: 3.424 GC heap after
Heap after GC invocations=9 (full 2):
 PSYoungGen      total 103936K, used 0K [0x00000000e0000000, 0x00000000e9a00000, 0x0000000100000000)
  eden space 92160K, 0% used [0x00000000e0000000,0x00000000e0000000,0x00000000e5a00000)
  from space 11776K, 0% used [0x00000000e5a00000,0x00000000e5a00000,0x00000000e6580000)
  to   space 12288K, 0% used [0x00000000e8e00000,0x00000000e8e00000,0x00000000e9a00000)
 ParOldGen       total 103936K, used 16041K [0x00000000a0000000, 0x00000000a6580000, 0x00000000e0000000)
  object space 103936K, 15% used [0x00000000a0000000,0x00000000a0faa7b8,0x00000000a6580000)
 Metaspace       used 34714K, capacity 35340K, committed 35416K, reserved 1079296K
  class space    used 4739K, capacity 4965K, committed 4992K, reserved 1048576K
}
Event: 4.059 GC heap before
{Heap before GC invocations=10 (full 2):
 PSYoungGen      total 103936K, used 92160K [0x00000000e0000000, 0x00000000e9a00000, 0x0000000100000000)
  eden space 92160K, 100% used [0x00000000e0000000,0x00000000e5a00000,0x00000000e5a00000)
  from space 11776K, 0% used [0x00000000e5a00000,0x00000000e5a00000,0x00000000e6580000)
  to   space 12288K, 0% used [0x00000000e8e00000,0x00000000e8e00000,0x00000000e9a00000)
 ParOldGen       total 103936K, used 16041K [0x00000000a0000000, 0x00000000a6580000, 0x00000000e0000000)
  object space 103936K, 15% used [0x00000000a0000000,0x00000000a0faa7b8,0x00000000a6580000)
 Metaspace       used 39034K, capacity 39930K, committed 40152K, reserved 1083392K
  class space    used 5273K, capacity 5560K, committed 5632K, reserved 1048576K
Event: 4.068 GC heap after
Heap after GC invocations=10 (full 2):
 PSYoungGen      total 141312K, used 9371K [0x00000000e0000000, 0x00000000e9880000, 0x0000000100000000)
  eden space 130560K, 0% used [0x00000000e0000000,0x00000000e0000000,0x00000000e7f80000)
  from space 10752K, 87% used [0x00000000e8e00000,0x00000000e9726eb8,0x00000000e9880000)
  to   space 12800K, 0% used [0x00000000e7f80000,0x00000000e7f80000,0x00000000e8c00000)
 ParOldGen       total 103936K, used 16049K [0x00000000a0000000, 0x00000000a6580000, 0x00000000e0000000)
  object space 103936K, 15% used [0x00000000a0000000,0x00000000a0fac7b8,0x00000000a6580000)
 Metaspace       used 39034K, capacity 39930K, committed 40152K, reserved 1083392K
  class space    used 5273K, capacity 5560K, committed 5632K, reserved 1048576K
}
Event: 5.068 GC heap before
{Heap before GC invocations=11 (full 2):
 PSYoungGen      total 141312K, used 139931K [0x00000000e0000000, 0x00000000e9880000, 0x0000000100000000)
  eden space 130560K, 100% used [0x00000000e0000000,0x00000000e7f80000,0x00000000e7f80000)
  from space 10752K, 87% used [0x00000000e8e00000,0x00000000e9726eb8,0x00000000e9880000)
  to   space 12800K, 0% used [0x00000000e7f80000,0x00000000e7f80000,0x00000000e8c00000)
 ParOldGen       total 103936K, used 16049K [0x00000000a0000000, 0x00000000a6580000, 0x00000000e0000000)
  object space 103936K, 15% used [0x00000000a0000000,0x00000000a0fac7b8,0x00000000a6580000)
 Metaspace       used 45818K, capacity 47024K, committed 47320K, reserved 1089536K
  class space    used 6184K, capacity 6571K, committed 6656K, reserved 1048576K
Event: 5.080 GC heap after
Heap after GC invocations=11 (full 2):
 PSYoungGen      total 143360K, used 12780K [0x00000000e0000000, 0x00000000e9880000, 0x0000000100000000)
  eden space 130560K, 0% used [0x00000000e0000000,0x00000000e0000000,0x00000000e7f80000)
  from space 12800K, 99% used [0x00000000e7f80000,0x00000000e8bfb3a8,0x00000000e8c00000)
  to   space 10752K, 0% used [0x00000000e8e00000,0x00000000e8e00000,0x00000000e9880000)
 ParOldGen       total 103936K, used 20094K [0x00000000a0000000, 0x00000000a6580000, 0x00000000e0000000)
  object space 103936K, 19% used [0x00000000a0000000,0x00000000a139f860,0x00000000a6580000)
 Metaspace       used 45818K, capacity 47024K, committed 47320K, reserved 1089536K
  class space    used 6184K, capacity 6571K, committed 6656K, reserved 1048576K
}
Event: 5.467 GC heap before
{Heap before GC invocations=12 (full 2):
 PSYoungGen      total 143360K, used 143340K [0x00000000e0000000, 0x00000000e9880000, 0x0000000100000000)
  eden space 130560K, 100% used [0x00000000e0000000,0x00000000e7f80000,0x00000000e7f80000)
  from space 12800K, 99% used [0x00000000e7f80000,0x00000000e8bfb3a8,0x00000000e8c00000)
  to   space 10752K, 0% used [0x00000000e8e00000,0x00000000e8e00000,0x00000000e9880000)
 ParOldGen       total 103936K, used 20094K [0x00000000a0000000, 0x00000000a6580000, 0x00000000e0000000)
  object space 103936K, 19% used [0x00000000a0000000,0x00000000a139f860,0x00000000a6580000)
 Metaspace       used 46161K, capacity 47336K, committed 47576K, reserved 1089536K
  class space    used 6202K, capacity 6581K, committed 6656K, reserved 1048576K
Event: 5.478 GC heap after
Heap after GC invocations=12 (full 2):
 PSYoungGen      total 137728K, used 10726K [0x00000000e0000000, 0x00000000ec500000, 0x0000000100000000)
  eden space 126976K, 0% used [0x00000000e0000000,0x00000000e0000000,0x00000000e7c00000)
  from space 10752K, 99% used [0x00000000e8e00000,0x00000000e9879b58,0x00000000e9880000)
  to   space 18432K, 0% used [0x00000000e7c00000,0x00000000e7c00000,0x00000000e8e00000)
 ParOldGen       total 103936K, used 27958K [0x00000000a0000000, 0x00000000a6580000, 0x00000000e0000000)
  object space 103936K, 26% used [0x00000000a0000000,0x00000000a1b4dae0,0x00000000a6580000)
 Metaspace       used 46161K, capacity 47336K, committed 47576K, reserved 1089536K
  class space    used 6202K, capacity 6581K, committed 6656K, reserved 1048576K
}

