# JRE version: OpenJDK Runtime Environment (8.0_152-b06) (build 1.8.0_152-release-1136-b06)
# Java VM: OpenJDK 64-Bit Server VM (25.152-b06 mixed mode windows-amd64 compressed oops)
Heap:
 PSYoungGen      total 70656K, used 23118K [0x00000000e0000000, 0x00000000e4a00000, 0x0000000100000000)
  eden space 65536K, 27% used [0x00000000e0000000,0x00000000e1194e60,0x00000000e4000000)
  from space 5120K, 99% used [0x00000000e4500000,0x00000000e49fecb8,0x00000000e4a00000)
  to   space 5120K, 0% used [0x00000000e4000000,0x00000000e4000000,0x00000000e4500000)
 ParOldGen       total 67072K, used 17215K [0x00000000a0000000, 0x00000000a4180000, 0x00000000e0000000)
  object space 67072K, 25% used [0x00000000a0000000,0x00000000a10cff50,0x00000000a4180000)
 Metaspace       used 38950K, capacity 39698K, committed 39768K, reserved 1083392K
  class space    used 5262K, capacity 5486K, committed 5504K, reserved 1048576K
GC Heap History (10 events):
Event: 2.529 GC heap before
{Heap before GC invocations=6 (full 1):
 PSYoungGen      total 70656K, used 65536K [0x00000000e0000000, 0x00000000e4a00000, 0x0000000100000000)
  eden space 65536K, 100% used [0x00000000e0000000,0x00000000e4000000,0x00000000e4000000)
  from space 5120K, 0% used [0x00000000e4500000,0x00000000e4500000,0x00000000e4a00000)
  to   space 5120K, 0% used [0x00000000e4000000,0x00000000e4000000,0x00000000e4500000)
 ParOldGen       total 67072K, used 9416K [0x00000000a0000000, 0x00000000a4180000, 0x00000000e0000000)
  object space 67072K, 14% used [0x00000000a0000000,0x00000000a0932028,0x00000000a4180000)
 Metaspace       used 25888K, capacity 26376K, committed 26496K, reserved 1073152K
  class space    used 3529K, capacity 3652K, committed 3712K, reserved 1048576K
Event: 2.538 GC heap after
Heap after GC invocations=6 (full 1):
 PSYoungGen      total 70656K, used 5114K [0x00000000e0000000, 0x00000000e4a00000, 0x0000000100000000)
  eden space 65536K, 0% used [0x00000000e0000000,0x00000000e0000000,0x00000000e4000000)
  from space 5120K, 99% used [0x00000000e4000000,0x00000000e44feb50,0x00000000e4500000)
  to   space 5120K, 0% used [0x00000000e4500000,0x00000000e4500000,0x00000000e4a00000)
 ParOldGen       total 67072K, used 11369K [0x00000000a0000000, 0x00000000a4180000, 0x00000000e0000000)
  object space 67072K, 16% used [0x00000000a0000000,0x00000000a0b1a7f8,0x00000000a4180000)
 Metaspace       used 25888K, capacity 26376K, committed 26496K, reserved 1073152K
  class space    used 3529K, capacity 3652K, committed 3712K, reserved 1048576K
}
Event: 3.251 GC heap before
{Heap before GC invocations=7 (full 1):
 PSYoungGen      total 70656K, used 70650K [0x00000000e0000000, 0x00000000e4a00000, 0x0000000100000000)
  eden space 65536K, 100% used [0x00000000e0000000,0x00000000e4000000,0x00000000e4000000)
  from space 5120K, 99% used [0x00000000e4000000,0x00000000e44feb50,0x00000000e4500000)
  to   space 5120K, 0% used [0x00000000e4500000,0x00000000e4500000,0x00000000e4a00000)
 ParOldGen       total 67072K, used 11369K [0x00000000a0000000, 0x00000000a4180000, 0x00000000e0000000)
  object space 67072K, 16% used [0x00000000a0000000,0x00000000a0b1a7f8,0x00000000a4180000)
 Metaspace       used 30303K, capacity 31020K, committed 31360K, reserved 1077248K
  class space    used 4167K, capacity 4396K, committed 4480K, reserved 1048576K
Event: 3.258 GC heap after
Heap after GC invocations=7 (full 1):
 PSYoungGen      total 70656K, used 5120K [0x00000000e0000000, 0x00000000e4a00000, 0x0000000100000000)
  eden space 65536K, 0% used [0x00000000e0000000,0x00000000e0000000,0x00000000e4000000)
  from space 5120K, 100% used [0x00000000e4500000,0x00000000e4a00000,0x00000000e4a00000)
  to   space 5120K, 0% used [0x00000000e4000000,0x00000000e4000000,0x00000000e4500000)
 ParOldGen       total 67072K, used 16605K [0x00000000a0000000, 0x00000000a4180000, 0x00000000e0000000)
  object space 67072K, 24% used [0x00000000a0000000,0x00000000a1037600,0x00000000a4180000)
 Metaspace       used 30303K, capacity 31020K, committed 31360K, reserved 1077248K
  class space    used 4167K, capacity 4396K, committed 4480K, reserved 1048576K
}
Event: 3.569 GC heap before
{Heap before GC invocations=8 (full 1):
 PSYoungGen      total 70656K, used 31817K [0x00000000e0000000, 0x00000000e4a00000, 0x0000000100000000)
  eden space 65536K, 40% used [0x00000000e0000000,0x00000000e1a12548,0x00000000e4000000)
  from space 5120K, 100% used [0x00000000e4500000,0x00000000e4a00000,0x00000000e4a00000)
  to   space 5120K, 0% used [0x00000000e4000000,0x00000000e4000000,0x00000000e4500000)
 ParOldGen       total 67072K, used 16605K [0x00000000a0000000, 0x00000000a4180000, 0x00000000e0000000)
  object space 67072K, 24% used [0x00000000a0000000,0x00000000a1037600,0x00000000a4180000)
 Metaspace       used 34734K, capacity 35336K, committed 35416K, reserved 1079296K
  class space    used 4739K, capacity 4965K, committed 4992K, reserved 1048576K
Event: 3.576 GC heap after
Heap after GC invocations=8 (full 1):
 PSYoungGen      total 70656K, used 5120K [0x00000000e0000000, 0x00000000e4a00000, 0x0000000100000000)
  eden space 65536K, 0% used [0x00000000e0000000,0x00000000e0000000,0x00000000e4000000)
  from space 5120K, 100% used [0x00000000e4000000,0x00000000e4500000,0x00000000e4500000)
  to   space 5120K, 0% used [0x00000000e4500000,0x00000000e4500000,0x00000000e4a00000)
 ParOldGen       total 67072K, used 19862K [0x00000000a0000000, 0x00000000a4180000, 0x00000000e0000000)
  object space 67072K, 29% used [0x00000000a0000000,0x00000000a1365bc8,0x00000000a4180000)
 Metaspace       used 34734K, capacity 35336K, committed 35416K, reserved 1079296K
  class space    used 4739K, capacity 4965K, committed 4992K, reserved 1048576K
}
Event: 3.576 GC heap before
{Heap before GC invocations=9 (full 2):
 PSYoungGen      total 70656K, used 5120K [0x00000000e0000000, 0x00000000e4a00000, 0x0000000100000000)
  eden space 65536K, 0% used [0x00000000e0000000,0x00000000e0000000,0x00000000e4000000)
  from space 5120K, 100% used [0x00000000e4000000,0x00000000e4500000,0x00000000e4500000)
  to   space 5120K, 0% used [0x00000000e4500000,0x00000000e4500000,0x00000000e4a00000)
 ParOldGen       total 67072K, used 19862K [0x00000000a0000000, 0x00000000a4180000, 0x00000000e0000000)
  object space 67072K, 29% used [0x00000000a0000000,0x00000000a1365bc8,0x00000000a4180000)
 Metaspace       used 34734K, capacity 35336K, committed 35416K, reserved 1079296K
  class space    used 4739K, capacity 4965K, committed 4992K, reserved 1048576K
Event: 3.627 GC heap after
Heap after GC invocations=9 (full 2):
 PSYoungGen      total 70656K, used 0K [0x00000000e0000000, 0x00000000e4a00000, 0x0000000100000000)
  eden space 65536K, 0% used [0x00000000e0000000,0x00000000e0000000,0x00000000e4000000)
  from space 5120K, 0% used [0x00000000e4000000,0x00000000e4000000,0x00000000e4500000)
  to   space 5120K, 0% used [0x00000000e4500000,0x00000000e4500000,0x00000000e4a00000)
 ParOldGen       total 67072K, used 16023K [0x00000000a0000000, 0x00000000a4180000, 0x00000000e0000000)
  object space 67072K, 23% used [0x00000000a0000000,0x00000000a0fa5d98,0x00000000a4180000)
 Metaspace       used 34734K, capacity 35336K, committed 35416K, reserved 1079296K
  class space    used 4739K, capacity 4965K, committed 4992K, reserved 1048576K
}
Event: 4.112 GC heap before
{Heap before GC invocations=10 (full 2):
 PSYoungGen      total 70656K, used 65536K [0x00000000e0000000, 0x00000000e4a00000, 0x0000000100000000)
  eden space 65536K, 100% used [0x00000000e0000000,0x00000000e4000000,0x00000000e4000000)
  from space 5120K, 0% used [0x00000000e4000000,0x00000000e4000000,0x00000000e4500000)
  to   space 5120K, 0% used [0x00000000e4500000,0x00000000e4500000,0x00000000e4a00000)
 ParOldGen       total 67072K, used 16023K [0x00000000a0000000, 0x00000000a4180000, 0x00000000e0000000)
  object space 67072K, 23% used [0x00000000a0000000,0x00000000a0fa5d98,0x00000000a4180000)
 Metaspace       used 38417K, capacity 39092K, committed 39384K, reserved 1083392K
  class space    used 5172K, capacity 5371K, committed 5376K, reserved 1048576K
Event: 4.117 GC heap after
Heap after GC invocations=10 (full 2):
 PSYoungGen      total 70656K, used 5115K [0x00000000e0000000, 0x00000000e4a00000, 0x0000000100000000)
  eden space 65536K, 0% used [0x00000000e0000000,0x00000000e0000000,0x00000000e4000000)
  from space 5120K, 99% used [0x00000000e4500000,0x00000000e49fecb8,0x00000000e4a00000)
  to   space 5120K, 0% used [0x00000000e4000000,0x00000000e4000000,0x00000000e4500000)
 ParOldGen       total 67072K, used 17215K [0x00000000a0000000, 0x00000000a4180000, 0x00000000e0000000)
  object space 67072K, 25% used [0x00000000a0000000,0x00000000a10cff50,0x00000000a4180000)
 Metaspace       used 38417K, capacity 39092K, committed 39384K, reserved 1083392K
  class space    used 5172K, capacity 5371K, committed 5376K, reserved 1048576K
}

