# JRE version: OpenJDK Runtime Environment (8.0_152-b06) (build 1.8.0_152-release-1136-b06)
# Java VM: OpenJDK 64-Bit Server VM (25.152-b06 mixed mode windows-amd64 compressed oops)
Heap:
 PSYoungGen      total 230400K, used 188800K [0x00000000e0000000, 0x00000000f1780000, 0x0000000100000000)
  eden space 207872K, 84% used [0x00000000e0000000,0x00000000eab09718,0x00000000ecb00000)
  from space 22528K, 60% used [0x00000000ecb00000,0x00000000ed856970,0x00000000ee100000)
  to   space 22528K, 0% used [0x00000000f0180000,0x00000000f0180000,0x00000000f1780000)
 ParOldGen       total 158208K, used 40139K [0x00000000a0000000, 0x00000000a9a80000, 0x00000000e0000000)
  object space 158208K, 25% used [0x00000000a0000000,0x00000000a2732e70,0x00000000a9a80000)
 Metaspace       used 68513K, capacity 71128K, committed 71384K, reserved 1112064K
  class space    used 8876K, capacity 9607K, committed 9728K, reserved 1048576K
GC Heap History (10 events):
Event: 5.992 GC heap before
{Heap before GC invocations=12 (full 2):
 PSYoungGen      total 156672K, used 156642K [0x00000000e0000000, 0x00000000ecd00000, 0x0000000100000000)
  eden space 141312K, 100% used [0x00000000e0000000,0x00000000e8a00000,0x00000000e8a00000)
  from space 15360K, 99% used [0x00000000e8a00000,0x00000000e98f8af0,0x00000000e9900000)
  to   space 18944K, 0% used [0x00000000eba80000,0x00000000eba80000,0x00000000ecd00000)
 ParOldGen       total 104448K, used 26546K [0x00000000a0000000, 0x00000000a6600000, 0x00000000e0000000)
  object space 104448K, 25% used [0x00000000a0000000,0x00000000a19ecb90,0x00000000a6600000)
 Metaspace       used 54327K, capacity 56264K, committed 56536K, reserved 1097728K
  class space    used 7386K, capacity 7854K, committed 7936K, reserved 1048576K
Event: 6.014 GC heap after
Heap after GC invocations=12 (full 2):
 PSYoungGen      total 185344K, used 18934K [0x00000000e0000000, 0x00000000ed980000, 0x0000000100000000)
  eden space 166400K, 0% used [0x00000000e0000000,0x00000000e0000000,0x00000000ea280000)
  from space 18944K, 99% used [0x00000000eba80000,0x00000000eccfda60,0x00000000ecd00000)
  to   space 24576K, 0% used [0x00000000ea280000,0x00000000ea280000,0x00000000eba80000)
 ParOldGen       total 104448K, used 34981K [0x00000000a0000000, 0x00000000a6600000, 0x00000000e0000000)
  object space 104448K, 33% used [0x00000000a0000000,0x00000000a2229580,0x00000000a6600000)
 Metaspace       used 54327K, capacity 56264K, committed 56536K, reserved 1097728K
  class space    used 7386K, capacity 7854K, committed 7936K, reserved 1048576K
}
Event: 6.354 GC heap before
{Heap before GC invocations=13 (full 2):
 PSYoungGen      total 185344K, used 51660K [0x00000000e0000000, 0x00000000ed980000, 0x0000000100000000)
  eden space 166400K, 19% used [0x00000000e0000000,0x00000000e1ff5980,0x00000000ea280000)
  from space 18944K, 99% used [0x00000000eba80000,0x00000000eccfda60,0x00000000ecd00000)
  to   space 24576K, 0% used [0x00000000ea280000,0x00000000ea280000,0x00000000eba80000)
 ParOldGen       total 104448K, used 34981K [0x00000000a0000000, 0x00000000a6600000, 0x00000000e0000000)
  object space 104448K, 33% used [0x00000000a0000000,0x00000000a2229580,0x00000000a6600000)
 Metaspace       used 56888K, capacity 58874K, committed 59028K, reserved 1099776K
  class space    used 7703K, capacity 8223K, committed 8320K, reserved 1048576K
Event: 6.377 GC heap after
Heap after GC invocations=13 (full 2):
 PSYoungGen      total 190976K, used 11123K [0x00000000e0000000, 0x00000000f0180000, 0x0000000100000000)
  eden space 166400K, 0% used [0x00000000e0000000,0x00000000e0000000,0x00000000ea280000)
  from space 24576K, 45% used [0x00000000ea280000,0x00000000ead5cfe0,0x00000000eba80000)
  to   space 23552K, 0% used [0x00000000eea80000,0x00000000eea80000,0x00000000f0180000)
 ParOldGen       total 104448K, used 47379K [0x00000000a0000000, 0x00000000a6600000, 0x00000000e0000000)
  object space 104448K, 45% used [0x00000000a0000000,0x00000000a2e44fb0,0x00000000a6600000)
 Metaspace       used 56888K, capacity 58874K, committed 59028K, reserved 1099776K
  class space    used 7703K, capacity 8223K, committed 8320K, reserved 1048576K
}
Event: 6.377 GC heap before
{Heap before GC invocations=14 (full 3):
 PSYoungGen      total 190976K, used 11123K [0x00000000e0000000, 0x00000000f0180000, 0x0000000100000000)
  eden space 166400K, 0% used [0x00000000e0000000,0x00000000e0000000,0x00000000ea280000)
  from space 24576K, 45% used [0x00000000ea280000,0x00000000ead5cfe0,0x00000000eba80000)
  to   space 23552K, 0% used [0x00000000eea80000,0x00000000eea80000,0x00000000f0180000)
 ParOldGen       total 104448K, used 47379K [0x00000000a0000000, 0x00000000a6600000, 0x00000000e0000000)
  object space 104448K, 45% used [0x00000000a0000000,0x00000000a2e44fb0,0x00000000a6600000)
 Metaspace       used 56888K, capacity 58874K, committed 59028K, reserved 1099776K
  class space    used 7703K, capacity 8223K, committed 8320K, reserved 1048576K
Event: 6.576 GC heap after
Heap after GC invocations=14 (full 3):
 PSYoungGen      total 190976K, used 0K [0x00000000e0000000, 0x00000000f0180000, 0x0000000100000000)
  eden space 166400K, 0% used [0x00000000e0000000,0x00000000e0000000,0x00000000ea280000)
  from space 24576K, 0% used [0x00000000ea280000,0x00000000ea280000,0x00000000eba80000)
  to   space 23552K, 0% used [0x00000000eea80000,0x00000000eea80000,0x00000000f0180000)
 ParOldGen       total 158208K, used 40123K [0x00000000a0000000, 0x00000000a9a80000, 0x00000000e0000000)
  object space 158208K, 25% used [0x00000000a0000000,0x00000000a272ee70,0x00000000a9a80000)
 Metaspace       used 56880K, capacity 58850K, committed 59028K, reserved 1099776K
  class space    used 7701K, capacity 8219K, committed 8320K, reserved 1048576K
}
Event: 16.236 GC heap before
{Heap before GC invocations=15 (full 3):
 PSYoungGen      total 190976K, used 166400K [0x00000000e0000000, 0x00000000f0180000, 0x0000000100000000)
  eden space 166400K, 100% used [0x00000000e0000000,0x00000000ea280000,0x00000000ea280000)
  from space 24576K, 0% used [0x00000000ea280000,0x00000000ea280000,0x00000000eba80000)
  to   space 23552K, 0% used [0x00000000eea80000,0x00000000eea80000,0x00000000f0180000)
 ParOldGen       total 158208K, used 40123K [0x00000000a0000000, 0x00000000a9a80000, 0x00000000e0000000)
  object space 158208K, 25% used [0x00000000a0000000,0x00000000a272ee70,0x00000000a9a80000)
 Metaspace       used 62419K, capacity 64638K, committed 64984K, reserved 1105920K
  class space    used 8275K, capacity 8869K, committed 8960K, reserved 1048576K
Event: 16.251 GC heap after
Heap after GC invocations=15 (full 3):
 PSYoungGen      total 216064K, used 12586K [0x00000000e0000000, 0x00000000ef700000, 0x0000000100000000)
  eden space 203264K, 0% used [0x00000000e0000000,0x00000000e0000000,0x00000000ec680000)
  from space 12800K, 98% used [0x00000000eea80000,0x00000000ef6cab10,0x00000000ef700000)
  to   space 22528K, 0% used [0x00000000ecb00000,0x00000000ecb00000,0x00000000ee100000)
 ParOldGen       total 158208K, used 40131K [0x00000000a0000000, 0x00000000a9a80000, 0x00000000e0000000)
  object space 158208K, 25% used [0x00000000a0000000,0x00000000a2730e70,0x00000000a9a80000)
 Metaspace       used 62419K, capacity 64638K, committed 64984K, reserved 1105920K
  class space    used 8275K, capacity 8869K, committed 8960K, reserved 1048576K
}
Event: 23.932 GC heap before
{Heap before GC invocations=16 (full 3):
 PSYoungGen      total 216064K, used 215850K [0x00000000e0000000, 0x00000000ef700000, 0x0000000100000000)
  eden space 203264K, 100% used [0x00000000e0000000,0x00000000ec680000,0x00000000ec680000)
  from space 12800K, 98% used [0x00000000eea80000,0x00000000ef6cab10,0x00000000ef700000)
  to   space 22528K, 0% used [0x00000000ecb00000,0x00000000ecb00000,0x00000000ee100000)
 ParOldGen       total 158208K, used 40131K [0x00000000a0000000, 0x00000000a9a80000, 0x00000000e0000000)
  object space 158208K, 25% used [0x00000000a0000000,0x00000000a2730e70,0x00000000a9a80000)
 Metaspace       used 62755K, capacity 65028K, committed 65240K, reserved 1105920K
  class space    used 8281K, capacity 8870K, committed 8960K, reserved 1048576K
Event: 23.955 GC heap after
Heap after GC invocations=16 (full 3):
 PSYoungGen      total 230400K, used 13658K [0x00000000e0000000, 0x00000000f1780000, 0x0000000100000000)
  eden space 207872K, 0% used [0x00000000e0000000,0x00000000e0000000,0x00000000ecb00000)
  from space 22528K, 60% used [0x00000000ecb00000,0x00000000ed856970,0x00000000ee100000)
  to   space 22528K, 0% used [0x00000000f0180000,0x00000000f0180000,0x00000000f1780000)
 ParOldGen       total 158208K, used 40139K [0x00000000a0000000, 0x00000000a9a80000, 0x00000000e0000000)
  object space 158208K, 25% used [0x00000000a0000000,0x00000000a2732e70,0x00000000a9a80000)
 Metaspace       used 62755K, capacity 65028K, committed 65240K, reserved 1105920K
  class space    used 8281K, capacity 8870K, committed 8960K, reserved 1048576K
}

