# JRE version: OpenJDK Runtime Environment (8.0_152-b06) (build 1.8.0_152-release-1136-b06)
# Java VM: OpenJDK 64-Bit Server VM (25.152-b06 mixed mode windows-amd64 compressed oops)
Heap:
 PSYoungGen      total 215552K, used 15989K [0x00000000e0000000, 0x00000000efd80000, 0x0000000100000000)
  eden space 190976K, 8% used [0x00000000e0000000,0x00000000e0f9d648,0x00000000eba80000)
  from space 24576K, 0% used [0x00000000ed500000,0x00000000ed500000,0x00000000eed00000)
  to   space 27136K, 0% used [0x00000000eba80000,0x00000000eba80000,0x00000000ed500000)
 ParOldGen       total 163840K, used 47514K [0x00000000a0000000, 0x00000000aa000000, 0x00000000e0000000)
  object space 163840K, 29% used [0x00000000a0000000,0x00000000a2e66af8,0x00000000aa000000)
 Metaspace       used 58558K, capacity 60756K, committed 61144K, reserved 1101824K
  class space    used 7816K, capacity 8372K, committed 8448K, reserved 1048576K
GC Heap History (10 events):
Event: 5.352 GC heap before
{Heap before GC invocations=11 (full 2):
 PSYoungGen      total 138752K, used 138270K [0x00000000e0000000, 0x00000000e9680000, 0x0000000100000000)
  eden space 129024K, 100% used [0x00000000e0000000,0x00000000e7e00000,0x00000000e7e00000)
  from space 9728K, 95% used [0x00000000e8d00000,0x00000000e9607a98,0x00000000e9680000)
  to   space 12288K, 0% used [0x00000000e7e80000,0x00000000e7e80000,0x00000000e8a80000)
 ParOldGen       total 102912K, used 16064K [0x00000000a0000000, 0x00000000a6480000, 0x00000000e0000000)
  object space 102912K, 15% used [0x00000000a0000000,0x00000000a0fb0380,0x00000000a6480000)
 Metaspace       used 45768K, capacity 46960K, committed 47064K, reserved 1089536K
  class space    used 6177K, capacity 6571K, committed 6656K, reserved 1048576K
Event: 5.364 GC heap after
Heap after GC invocations=11 (full 2):
 PSYoungGen      total 141824K, used 12266K [0x00000000e0000000, 0x00000000eb800000, 0x0000000100000000)
  eden space 129536K, 0% used [0x00000000e0000000,0x00000000e0000000,0x00000000e7e80000)
  from space 12288K, 99% used [0x00000000e7e80000,0x00000000e8a7aac0,0x00000000e8a80000)
  to   space 15360K, 0% used [0x00000000ea900000,0x00000000ea900000,0x00000000eb800000)
 ParOldGen       total 102912K, used 20668K [0x00000000a0000000, 0x00000000a6480000, 0x00000000e0000000)
  object space 102912K, 20% used [0x00000000a0000000,0x00000000a142f108,0x00000000a6480000)
 Metaspace       used 45768K, capacity 46960K, committed 47064K, reserved 1089536K
  class space    used 6177K, capacity 6571K, committed 6656K, reserved 1048576K
}
Event: 5.760 GC heap before
{Heap before GC invocations=12 (full 2):
 PSYoungGen      total 141824K, used 141802K [0x00000000e0000000, 0x00000000eb800000, 0x0000000100000000)
  eden space 129536K, 100% used [0x00000000e0000000,0x00000000e7e80000,0x00000000e7e80000)
  from space 12288K, 99% used [0x00000000e7e80000,0x00000000e8a7aac0,0x00000000e8a80000)
  to   space 15360K, 0% used [0x00000000ea900000,0x00000000ea900000,0x00000000eb800000)
 ParOldGen       total 102912K, used 20668K [0x00000000a0000000, 0x00000000a6480000, 0x00000000e0000000)
  object space 102912K, 20% used [0x00000000a0000000,0x00000000a142f108,0x00000000a6480000)
 Metaspace       used 46107K, capacity 47260K, committed 47576K, reserved 1089536K
  class space    used 6194K, capacity 6579K, committed 6656K, reserved 1048576K
Event: 5.774 GC heap after
Heap after GC invocations=12 (full 2):
 PSYoungGen      total 170496K, used 15334K [0x00000000e0000000, 0x00000000ec200000, 0x0000000100000000)
  eden space 155136K, 0% used [0x00000000e0000000,0x00000000e0000000,0x00000000e9780000)
  from space 15360K, 99% used [0x00000000ea900000,0x00000000eb7f9a60,0x00000000eb800000)
  to   space 17920K, 0% used [0x00000000e9780000,0x00000000e9780000,0x00000000ea900000)
 ParOldGen       total 102912K, used 22733K [0x00000000a0000000, 0x00000000a6480000, 0x00000000e0000000)
  object space 102912K, 22% used [0x00000000a0000000,0x00000000a1633740,0x00000000a6480000)
 Metaspace       used 46107K, capacity 47260K, committed 47576K, reserved 1089536K
  class space    used 6194K, capacity 6579K, committed 6656K, reserved 1048576K
}
Event: 7.291 GC heap before
{Heap before GC invocations=13 (full 2):
 PSYoungGen      total 170496K, used 170470K [0x00000000e0000000, 0x00000000ec200000, 0x0000000100000000)
  eden space 155136K, 100% used [0x00000000e0000000,0x00000000e9780000,0x00000000e9780000)
  from space 15360K, 99% used [0x00000000ea900000,0x00000000eb7f9a60,0x00000000eb800000)
  to   space 17920K, 0% used [0x00000000e9780000,0x00000000e9780000,0x00000000ea900000)
 ParOldGen       total 102912K, used 22733K [0x00000000a0000000, 0x00000000a6480000, 0x00000000e0000000)
  object space 102912K, 22% used [0x00000000a0000000,0x00000000a1633740,0x00000000a6480000)
 Metaspace       used 54660K, capacity 56802K, committed 57048K, reserved 1097728K
  class space    used 7326K, capacity 7876K, committed 7936K, reserved 1048576K
Event: 7.313 GC heap after
Heap after GC invocations=13 (full 2):
 PSYoungGen      total 173056K, used 17914K [0x00000000e0000000, 0x00000000eed00000, 0x0000000100000000)
  eden space 155136K, 0% used [0x00000000e0000000,0x00000000e0000000,0x00000000e9780000)
  from space 17920K, 99% used [0x00000000e9780000,0x00000000ea8feb20,0x00000000ea900000)
  to   space 24576K, 0% used [0x00000000ed500000,0x00000000ed500000,0x00000000eed00000)
 ParOldGen       total 102912K, used 35028K [0x00000000a0000000, 0x00000000a6480000, 0x00000000e0000000)
  object space 102912K, 34% used [0x00000000a0000000,0x00000000a22350d8,0x00000000a6480000)
 Metaspace       used 54660K, capacity 56802K, committed 57048K, reserved 1097728K
  class space    used 7326K, capacity 7876K, committed 7936K, reserved 1048576K
}
Event: 7.599 GC heap before
{Heap before GC invocations=14 (full 2):
 PSYoungGen      total 173056K, used 45748K [0x00000000e0000000, 0x00000000eed00000, 0x0000000100000000)
  eden space 155136K, 17% used [0x00000000e0000000,0x00000000e1b2e638,0x00000000e9780000)
  from space 17920K, 99% used [0x00000000e9780000,0x00000000ea8feb20,0x00000000ea900000)
  to   space 24576K, 0% used [0x00000000ed500000,0x00000000ed500000,0x00000000eed00000)
 ParOldGen       total 102912K, used 35028K [0x00000000a0000000, 0x00000000a6480000, 0x00000000e0000000)
  object space 102912K, 34% used [0x00000000a0000000,0x00000000a22350d8,0x00000000a6480000)
 Metaspace       used 56710K, capacity 58964K, committed 59028K, reserved 1099776K
  class space    used 7614K, capacity 8187K, committed 8192K, reserved 1048576K
Event: 7.620 GC heap after
Heap after GC invocations=14 (full 2):
 PSYoungGen      total 215552K, used 21610K [0x00000000e0000000, 0x00000000efd80000, 0x0000000100000000)
  eden space 190976K, 0% used [0x00000000e0000000,0x00000000e0000000,0x00000000eba80000)
  from space 24576K, 87% used [0x00000000ed500000,0x00000000eea1abf8,0x00000000eed00000)
  to   space 27136K, 0% used [0x00000000eba80000,0x00000000eba80000,0x00000000ed500000)
 ParOldGen       total 102912K, used 35036K [0x00000000a0000000, 0x00000000a6480000, 0x00000000e0000000)
  object space 102912K, 34% used [0x00000000a0000000,0x00000000a22370d8,0x00000000a6480000)
 Metaspace       used 56710K, capacity 58964K, committed 59028K, reserved 1099776K
  class space    used 7614K, capacity 8187K, committed 8192K, reserved 1048576K
}
Event: 7.620 GC heap before
{Heap before GC invocations=15 (full 3):
 PSYoungGen      total 215552K, used 21610K [0x00000000e0000000, 0x00000000efd80000, 0x0000000100000000)
  eden space 190976K, 0% used [0x00000000e0000000,0x00000000e0000000,0x00000000eba80000)
  from space 24576K, 87% used [0x00000000ed500000,0x00000000eea1abf8,0x00000000eed00000)
  to   space 27136K, 0% used [0x00000000eba80000,0x00000000eba80000,0x00000000ed500000)
 ParOldGen       total 102912K, used 35036K [0x00000000a0000000, 0x00000000a6480000, 0x00000000e0000000)
  object space 102912K, 34% used [0x00000000a0000000,0x00000000a22370d8,0x00000000a6480000)
 Metaspace       used 56710K, capacity 58964K, committed 59028K, reserved 1099776K
  class space    used 7614K, capacity 8187K, committed 8192K, reserved 1048576K
Event: 7.821 GC heap after
Heap after GC invocations=15 (full 3):
 PSYoungGen      total 215552K, used 0K [0x00000000e0000000, 0x00000000efd80000, 0x0000000100000000)
  eden space 190976K, 0% used [0x00000000e0000000,0x00000000e0000000,0x00000000eba80000)
  from space 24576K, 0% used [0x00000000ed500000,0x00000000ed500000,0x00000000eed00000)
  to   space 27136K, 0% used [0x00000000eba80000,0x00000000eba80000,0x00000000ed500000)
 ParOldGen       total 163840K, used 47514K [0x00000000a0000000, 0x00000000aa000000, 0x00000000e0000000)
  object space 163840K, 29% used [0x00000000a0000000,0x00000000a2e66af8,0x00000000aa000000)
 Metaspace       used 56672K, capacity 58922K, committed 59028K, reserved 1099776K
  class space    used 7603K, capacity 8173K, committed 8192K, reserved 1048576K
}

