# JRE version: OpenJDK Runtime Environment (8.0_152-b06) (build 1.8.0_152-release-1136-b06)
# Java VM: OpenJDK 64-Bit Server VM (25.152-b06 mixed mode windows-amd64 compressed oops)
Heap:
 PSYoungGen      total 159232K, used 27279K [0x00000000e0000000, 0x00000000ee800000, 0x0000000100000000)
  eden space 138240K, 4% used [0x00000000e0000000,0x00000000e065a0f8,0x00000000e8700000)
  from space 20992K, 98% used [0x00000000ed380000,0x00000000ee7c9c80,0x00000000ee800000)
  to   space 17408K, 0% used [0x00000000e8700000,0x00000000e8700000,0x00000000e9800000)
 ParOldGen       total 112128K, used 21161K [0x00000000a0000000, 0x00000000a6d80000, 0x00000000e0000000)
  object space 112128K, 18% used [0x00000000a0000000,0x00000000a14aa688,0x00000000a6d80000)
 Metaspace       used 49013K, capacity 50606K, committed 50904K, reserved 1093632K
  class space    used 6613K, capacity 7083K, committed 7168K, reserved 1048576K
GC Heap History (10 events):
Event: 3.927 GC heap before
{Heap before GC invocations=6 (full 1):
 PSYoungGen      total 100864K, used 100326K [0x00000000e0000000, 0x00000000e8a00000, 0x0000000100000000)
  eden space 95744K, 99% used [0x00000000e0000000,0x00000000e5cfd358,0x00000000e5d80000)
  from space 5120K, 99% used [0x00000000e8500000,0x00000000e89fc6a0,0x00000000e8a00000)
  to   space 5120K, 0% used [0x00000000e8000000,0x00000000e8000000,0x00000000e8500000)
 ParOldGen       total 71680K, used 14499K [0x00000000a0000000, 0x00000000a4600000, 0x00000000e0000000)
  object space 71680K, 20% used [0x00000000a0000000,0x00000000a0e28e70,0x00000000a4600000)
 Metaspace       used 34705K, capacity 35336K, committed 35416K, reserved 1079296K
  class space    used 4739K, capacity 4965K, committed 4992K, reserved 1048576K
Event: 3.938 GC heap after
Heap after GC invocations=6 (full 1):
 PSYoungGen      total 136192K, used 5120K [0x00000000e0000000, 0x00000000ea780000, 0x0000000100000000)
  eden space 131072K, 0% used [0x00000000e0000000,0x00000000e0000000,0x00000000e8000000)
  from space 5120K, 100% used [0x00000000e8000000,0x00000000e8500000,0x00000000e8500000)
  to   space 15872K, 0% used [0x00000000e9800000,0x00000000e9800000,0x00000000ea780000)
 ParOldGen       total 71680K, used 22981K [0x00000000a0000000, 0x00000000a4600000, 0x00000000e0000000)
  object space 71680K, 32% used [0x00000000a0000000,0x00000000a16714a8,0x00000000a4600000)
 Metaspace       used 34705K, capacity 35336K, committed 35416K, reserved 1079296K
  class space    used 4739K, capacity 4965K, committed 4992K, reserved 1048576K
}
Event: 3.938 GC heap before
{Heap before GC invocations=7 (full 2):
 PSYoungGen      total 136192K, used 5120K [0x00000000e0000000, 0x00000000ea780000, 0x0000000100000000)
  eden space 131072K, 0% used [0x00000000e0000000,0x00000000e0000000,0x00000000e8000000)
  from space 5120K, 100% used [0x00000000e8000000,0x00000000e8500000,0x00000000e8500000)
  to   space 15872K, 0% used [0x00000000e9800000,0x00000000e9800000,0x00000000ea780000)
 ParOldGen       total 71680K, used 22981K [0x00000000a0000000, 0x00000000a4600000, 0x00000000e0000000)
  object space 71680K, 32% used [0x00000000a0000000,0x00000000a16714a8,0x00000000a4600000)
 Metaspace       used 34705K, capacity 35336K, committed 35416K, reserved 1079296K
  class space    used 4739K, capacity 4965K, committed 4992K, reserved 1048576K
Event: 3.983 GC heap after
Heap after GC invocations=7 (full 2):
 PSYoungGen      total 136192K, used 0K [0x00000000e0000000, 0x00000000ea780000, 0x0000000100000000)
  eden space 131072K, 0% used [0x00000000e0000000,0x00000000e0000000,0x00000000e8000000)
  from space 5120K, 0% used [0x00000000e8000000,0x00000000e8000000,0x00000000e8500000)
  to   space 15872K, 0% used [0x00000000e9800000,0x00000000e9800000,0x00000000ea780000)
 ParOldGen       total 112128K, used 19946K [0x00000000a0000000, 0x00000000a6d80000, 0x00000000e0000000)
  object space 112128K, 17% used [0x00000000a0000000,0x00000000a137a958,0x00000000a6d80000)
 Metaspace       used 34705K, capacity 35336K, committed 35416K, reserved 1079296K
  class space    used 4739K, capacity 4965K, committed 4992K, reserved 1048576K
}
Event: 4.966 GC heap before
{Heap before GC invocations=8 (full 2):
 PSYoungGen      total 136192K, used 131072K [0x00000000e0000000, 0x00000000ea780000, 0x0000000100000000)
  eden space 131072K, 100% used [0x00000000e0000000,0x00000000e8000000,0x00000000e8000000)
  from space 5120K, 0% used [0x00000000e8000000,0x00000000e8000000,0x00000000e8500000)
  to   space 15872K, 0% used [0x00000000e9800000,0x00000000e9800000,0x00000000ea780000)
 ParOldGen       total 112128K, used 19946K [0x00000000a0000000, 0x00000000a6d80000, 0x00000000e0000000)
  object space 112128K, 17% used [0x00000000a0000000,0x00000000a137a958,0x00000000a6d80000)
 Metaspace       used 39925K, capacity 40890K, committed 41048K, reserved 1085440K
  class space    used 5446K, capacity 5754K, committed 5760K, reserved 1048576K
Event: 4.981 GC heap after
Heap after GC invocations=8 (full 2):
 PSYoungGen      total 154112K, used 13601K [0x00000000e0000000, 0x00000000ed480000, 0x0000000100000000)
  eden space 138240K, 0% used [0x00000000e0000000,0x00000000e0000000,0x00000000e8700000)
  from space 15872K, 85% used [0x00000000e9800000,0x00000000ea548450,0x00000000ea780000)
  to   space 17408K, 0% used [0x00000000e8700000,0x00000000e8700000,0x00000000e9800000)
 ParOldGen       total 112128K, used 19954K [0x00000000a0000000, 0x00000000a6d80000, 0x00000000e0000000)
  object space 112128K, 17% used [0x00000000a0000000,0x00000000a137c958,0x00000000a6d80000)
 Metaspace       used 39925K, capacity 40890K, committed 41048K, reserved 1085440K
  class space    used 5446K, capacity 5754K, committed 5760K, reserved 1048576K
}
Event: 5.792 GC heap before
{Heap before GC invocations=9 (full 2):
 PSYoungGen      total 154112K, used 151841K [0x00000000e0000000, 0x00000000ed480000, 0x0000000100000000)
  eden space 138240K, 100% used [0x00000000e0000000,0x00000000e8700000,0x00000000e8700000)
  from space 15872K, 85% used [0x00000000e9800000,0x00000000ea548450,0x00000000ea780000)
  to   space 17408K, 0% used [0x00000000e8700000,0x00000000e8700000,0x00000000e9800000)
 ParOldGen       total 112128K, used 19954K [0x00000000a0000000, 0x00000000a6d80000, 0x00000000e0000000)
  object space 112128K, 17% used [0x00000000a0000000,0x00000000a137c958,0x00000000a6d80000)
 Metaspace       used 45935K, capacity 47176K, committed 47320K, reserved 1089536K
  class space    used 6193K, capacity 6574K, committed 6656K, reserved 1048576K
Event: 5.807 GC heap after
Heap after GC invocations=9 (full 2):
 PSYoungGen      total 155648K, used 17403K [0x00000000e0000000, 0x00000000ee800000, 0x0000000100000000)
  eden space 138240K, 0% used [0x00000000e0000000,0x00000000e0000000,0x00000000e8700000)
  from space 17408K, 99% used [0x00000000e8700000,0x00000000e97fef70,0x00000000e9800000)
  to   space 20992K, 0% used [0x00000000ed380000,0x00000000ed380000,0x00000000ee800000)
 ParOldGen       total 112128K, used 21153K [0x00000000a0000000, 0x00000000a6d80000, 0x00000000e0000000)
  object space 112128K, 18% used [0x00000000a0000000,0x00000000a14a8688,0x00000000a6d80000)
 Metaspace       used 45935K, capacity 47176K, committed 47320K, reserved 1089536K
  class space    used 6193K, capacity 6574K, committed 6656K, reserved 1048576K
}
Event: 6.407 GC heap before
{Heap before GC invocations=10 (full 2):
 PSYoungGen      total 155648K, used 155643K [0x00000000e0000000, 0x00000000ee800000, 0x0000000100000000)
  eden space 138240K, 100% used [0x00000000e0000000,0x00000000e8700000,0x00000000e8700000)
  from space 17408K, 99% used [0x00000000e8700000,0x00000000e97fef70,0x00000000e9800000)
  to   space 20992K, 0% used [0x00000000ed380000,0x00000000ed380000,0x00000000ee800000)
 ParOldGen       total 112128K, used 21153K [0x00000000a0000000, 0x00000000a6d80000, 0x00000000e0000000)
  object space 112128K, 18% used [0x00000000a0000000,0x00000000a14a8688,0x00000000a6d80000)
 Metaspace       used 48651K, capacity 50240K, committed 50520K, reserved 1093632K
  class space    used 6555K, capacity 6998K, committed 7040K, reserved 1048576K
Event: 6.427 GC heap after
Heap after GC invocations=10 (full 2):
 PSYoungGen      total 159232K, used 20775K [0x00000000e0000000, 0x00000000ee800000, 0x0000000100000000)
  eden space 138240K, 0% used [0x00000000e0000000,0x00000000e0000000,0x00000000e8700000)
  from space 20992K, 98% used [0x00000000ed380000,0x00000000ee7c9c80,0x00000000ee800000)
  to   space 17408K, 0% used [0x00000000e8700000,0x00000000e8700000,0x00000000e9800000)
 ParOldGen       total 112128K, used 21161K [0x00000000a0000000, 0x00000000a6d80000, 0x00000000e0000000)
  object space 112128K, 18% used [0x00000000a0000000,0x00000000a14aa688,0x00000000a6d80000)
 Metaspace       used 48651K, capacity 50240K, committed 50520K, reserved 1093632K
  class space    used 6555K, capacity 6998K, committed 7040K, reserved 1048576K
}

