# JRE version: OpenJDK Runtime Environment (8.0_152-b06) (build 1.8.0_152-release-1136-b06)
# Java VM: OpenJDK 64-Bit Server VM (25.152-b06 mixed mode windows-amd64 compressed oops)
Heap:
 PSYoungGen      total 262144K, used 194879K [0x00000000e0000000, 0x00000000f1c00000, 0x0000000100000000)
  eden space 236544K, 82% used [0x00000000e0000000,0x00000000ebe4fce0,0x00000000ee700000)
  from space 25600K, 0% used [0x00000000eff00000,0x00000000eff00000,0x00000000f1800000)
  to   space 24576K, 0% used [0x00000000ee700000,0x00000000ee700000,0x00000000eff00000)
 ParOldGen       total 147968K, used 50073K [0x00000000a0000000, 0x00000000a9080000, 0x00000000e0000000)
  object space 147968K, 33% used [0x00000000a0000000,0x00000000a30e6788,0x00000000a9080000)
 Metaspace       used 62681K, capacity 65480K, committed 65624K, reserved 1105920K
  class space    used 8311K, capacity 9024K, committed 9088K, reserved 1048576K
GC Heap History (10 events):
Event: 4.088 GC heap before
{Heap before GC invocations=11 (full 2):
 PSYoungGen      total 144384K, used 131584K [0x00000000e0000000, 0x00000000eed00000, 0x0000000100000000)
  eden space 131584K, 100% used [0x00000000e0000000,0x00000000e8080000,0x00000000e8080000)
  from space 12800K, 0% used [0x00000000e8c80000,0x00000000e8c80000,0x00000000e9900000)
  to   space 12288K, 0% used [0x00000000e8080000,0x00000000e8080000,0x00000000e8c80000)
 ParOldGen       total 86528K, used 14334K [0x00000000a0000000, 0x00000000a5480000, 0x00000000e0000000)
  object space 86528K, 16% used [0x00000000a0000000,0x00000000a0dffb58,0x00000000a5480000)
 Metaspace       used 41614K, capacity 42590K, committed 42840K, reserved 1085440K
  class space    used 5638K, capacity 5955K, committed 6016K, reserved 1048576K
Event: 4.098 GC heap after
Heap after GC invocations=11 (full 2):
 PSYoungGen      total 143872K, used 12285K [0x00000000e0000000, 0x00000000ecd80000, 0x0000000100000000)
  eden space 131584K, 0% used [0x00000000e0000000,0x00000000e0000000,0x00000000e8080000)
  from space 12288K, 99% used [0x00000000e8080000,0x00000000e8c7f448,0x00000000e8c80000)
  to   space 14336K, 0% used [0x00000000ebf80000,0x00000000ebf80000,0x00000000ecd80000)
 ParOldGen       total 86528K, used 16687K [0x00000000a0000000, 0x00000000a5480000, 0x00000000e0000000)
  object space 86528K, 19% used [0x00000000a0000000,0x00000000a104bd98,0x00000000a5480000)
 Metaspace       used 41614K, capacity 42590K, committed 42840K, reserved 1085440K
  class space    used 5638K, capacity 5955K, committed 6016K, reserved 1048576K
}
Event: 5.013 GC heap before
{Heap before GC invocations=12 (full 2):
 PSYoungGen      total 143872K, used 143869K [0x00000000e0000000, 0x00000000ecd80000, 0x0000000100000000)
  eden space 131584K, 100% used [0x00000000e0000000,0x00000000e8080000,0x00000000e8080000)
  from space 12288K, 99% used [0x00000000e8080000,0x00000000e8c7f448,0x00000000e8c80000)
  to   space 14336K, 0% used [0x00000000ebf80000,0x00000000ebf80000,0x00000000ecd80000)
 ParOldGen       total 86528K, used 16687K [0x00000000a0000000, 0x00000000a5480000, 0x00000000e0000000)
  object space 86528K, 19% used [0x00000000a0000000,0x00000000a104bd98,0x00000000a5480000)
 Metaspace       used 48164K, capacity 49408K, committed 49624K, reserved 1091584K
  class space    used 6510K, capacity 6872K, committed 6912K, reserved 1048576K
Event: 5.026 GC heap after
Heap after GC invocations=12 (full 2):
 PSYoungGen      total 192000K, used 14319K [0x00000000e0000000, 0x00000000ed200000, 0x0000000100000000)
  eden space 177664K, 0% used [0x00000000e0000000,0x00000000e0000000,0x00000000ead80000)
  from space 14336K, 99% used [0x00000000ebf80000,0x00000000ecd7bc98,0x00000000ecd80000)
  to   space 18432K, 0% used [0x00000000ead80000,0x00000000ead80000,0x00000000ebf80000)
 ParOldGen       total 86528K, used 22240K [0x00000000a0000000, 0x00000000a5480000, 0x00000000e0000000)
  object space 86528K, 25% used [0x00000000a0000000,0x00000000a15b83e0,0x00000000a5480000)
 Metaspace       used 48164K, capacity 49408K, committed 49624K, reserved 1091584K
  class space    used 6510K, capacity 6872K, committed 6912K, reserved 1048576K
}
Event: 6.521 GC heap before
{Heap before GC invocations=13 (full 2):
 PSYoungGen      total 192000K, used 191983K [0x00000000e0000000, 0x00000000ed200000, 0x0000000100000000)
  eden space 177664K, 100% used [0x00000000e0000000,0x00000000ead80000,0x00000000ead80000)
  from space 14336K, 99% used [0x00000000ebf80000,0x00000000ecd7bc98,0x00000000ecd80000)
  to   space 18432K, 0% used [0x00000000ead80000,0x00000000ead80000,0x00000000ebf80000)
 ParOldGen       total 86528K, used 22240K [0x00000000a0000000, 0x00000000a5480000, 0x00000000e0000000)
  object space 86528K, 25% used [0x00000000a0000000,0x00000000a15b83e0,0x00000000a5480000)
 Metaspace       used 55388K, capacity 57602K, committed 57816K, reserved 1099776K
  class space    used 7502K, capacity 8091K, committed 8192K, reserved 1048576K
Event: 6.542 GC heap after
Heap after GC invocations=13 (full 2):
 PSYoungGen      total 196096K, used 18414K [0x00000000e0000000, 0x00000000f1800000, 0x0000000100000000)
  eden space 177664K, 0% used [0x00000000e0000000,0x00000000e0000000,0x00000000ead80000)
  from space 18432K, 99% used [0x00000000ead80000,0x00000000ebf7ba70,0x00000000ebf80000)
  to   space 25600K, 0% used [0x00000000eff00000,0x00000000eff00000,0x00000000f1800000)
 ParOldGen       total 86528K, used 36304K [0x00000000a0000000, 0x00000000a5480000, 0x00000000e0000000)
  object space 86528K, 41% used [0x00000000a0000000,0x00000000a23743b8,0x00000000a5480000)
 Metaspace       used 55388K, capacity 57602K, committed 57816K, reserved 1099776K
  class space    used 7502K, capacity 8091K, committed 8192K, reserved 1048576K
}
Event: 6.730 GC heap before
{Heap before GC invocations=14 (full 2):
 PSYoungGen      total 196096K, used 46558K [0x00000000e0000000, 0x00000000f1800000, 0x0000000100000000)
  eden space 177664K, 15% used [0x00000000e0000000,0x00000000e1b7bf48,0x00000000ead80000)
  from space 18432K, 99% used [0x00000000ead80000,0x00000000ebf7ba70,0x00000000ebf80000)
  to   space 25600K, 0% used [0x00000000eff00000,0x00000000eff00000,0x00000000f1800000)
 ParOldGen       total 86528K, used 36304K [0x00000000a0000000, 0x00000000a5480000, 0x00000000e0000000)
  object space 86528K, 41% used [0x00000000a0000000,0x00000000a23743b8,0x00000000a5480000)
 Metaspace       used 56597K, capacity 58950K, committed 59028K, reserved 1099776K
  class space    used 7663K, capacity 8282K, committed 8320K, reserved 1048576K
Event: 6.746 GC heap after
Heap after GC invocations=14 (full 2):
 PSYoungGen      total 262144K, used 12211K [0x00000000e0000000, 0x00000000f1c00000, 0x0000000100000000)
  eden space 236544K, 0% used [0x00000000e0000000,0x00000000e0000000,0x00000000ee700000)
  from space 25600K, 47% used [0x00000000eff00000,0x00000000f0aecc28,0x00000000f1800000)
  to   space 24576K, 0% used [0x00000000ee700000,0x00000000ee700000,0x00000000eff00000)
 ParOldGen       total 86528K, used 46339K [0x00000000a0000000, 0x00000000a5480000, 0x00000000e0000000)
  object space 86528K, 53% used [0x00000000a0000000,0x00000000a2d40fa0,0x00000000a5480000)
 Metaspace       used 56597K, capacity 58950K, committed 59028K, reserved 1099776K
  class space    used 7663K, capacity 8282K, committed 8320K, reserved 1048576K
}
Event: 6.746 GC heap before
{Heap before GC invocations=15 (full 3):
 PSYoungGen      total 262144K, used 12211K [0x00000000e0000000, 0x00000000f1c00000, 0x0000000100000000)
  eden space 236544K, 0% used [0x00000000e0000000,0x00000000e0000000,0x00000000ee700000)
  from space 25600K, 47% used [0x00000000eff00000,0x00000000f0aecc28,0x00000000f1800000)
  to   space 24576K, 0% used [0x00000000ee700000,0x00000000ee700000,0x00000000eff00000)
 ParOldGen       total 86528K, used 46339K [0x00000000a0000000, 0x00000000a5480000, 0x00000000e0000000)
  object space 86528K, 53% used [0x00000000a0000000,0x00000000a2d40fa0,0x00000000a5480000)
 Metaspace       used 56597K, capacity 58950K, committed 59028K, reserved 1099776K
  class space    used 7663K, capacity 8282K, committed 8320K, reserved 1048576K
Event: 6.957 GC heap after
Heap after GC invocations=15 (full 3):
 PSYoungGen      total 262144K, used 0K [0x00000000e0000000, 0x00000000f1c00000, 0x0000000100000000)
  eden space 236544K, 0% used [0x00000000e0000000,0x00000000e0000000,0x00000000ee700000)
  from space 25600K, 0% used [0x00000000eff00000,0x00000000eff00000,0x00000000f1800000)
  to   space 24576K, 0% used [0x00000000ee700000,0x00000000ee700000,0x00000000eff00000)
 ParOldGen       total 147968K, used 50073K [0x00000000a0000000, 0x00000000a9080000, 0x00000000e0000000)
  object space 147968K, 33% used [0x00000000a0000000,0x00000000a30e6788,0x00000000a9080000)
 Metaspace       used 56597K, capacity 58950K, committed 59028K, reserved 1099776K
  class space    used 7663K, capacity 8282K, committed 8320K, reserved 1048576K
}

