# JRE version: OpenJDK Runtime Environment (8.0_152-b06) (build 1.8.0_152-release-1136-b06)
# Java VM: OpenJDK 64-Bit Server VM (25.152-b06 mixed mode windows-amd64 compressed oops)
Heap:
 PSYoungGen      total 262656K, used 207422K [0x00000000e0000000, 0x00000000f1d00000, 0x0000000100000000)
  eden space 238080K, 87% used [0x00000000e0000000,0x00000000eca8fb40,0x00000000ee880000)
  from space 24576K, 0% used [0x00000000ee880000,0x00000000ee880000,0x00000000f0080000)
  to   space 19456K, 0% used [0x00000000f0080000,0x00000000f0080000,0x00000000f1380000)
 ParOldGen       total 118272K, used 36102K [0x00000000a0000000, 0x00000000a7380000, 0x00000000e0000000)
  object space 118272K, 30% used [0x00000000a0000000,0x00000000a2341a70,0x00000000a7380000)
 Metaspace       used 63248K, capacity 65596K, committed 65920K, reserved 1105920K
  class space    used 8366K, capacity 8987K, committed 9088K, reserved 1048576K
GC Heap History (10 events):
Event: 4.166 GC heap before
{Heap before GC invocations=8 (full 2):
 PSYoungGen      total 197120K, used 9945K [0x00000000e0000000, 0x00000000ed880000, 0x0000000100000000)
  eden space 181248K, 0% used [0x00000000e0000000,0x00000000e0000000,0x00000000eb100000)
  from space 15872K, 62% used [0x00000000ec000000,0x00000000ec9b6660,0x00000000ecf80000)
  to   space 15360K, 0% used [0x00000000eb100000,0x00000000eb100000,0x00000000ec000000)
 ParOldGen       total 72704K, used 21967K [0x00000000a0000000, 0x00000000a4700000, 0x00000000e0000000)
  object space 72704K, 30% used [0x00000000a0000000,0x00000000a1573cc8,0x00000000a4700000)
 Metaspace       used 34466K, capacity 35258K, committed 35416K, reserved 1079296K
  class space    used 4716K, capacity 5009K, committed 5120K, reserved 1048576K
Event: 4.235 GC heap after
Heap after GC invocations=8 (full 2):
 PSYoungGen      total 197120K, used 0K [0x00000000e0000000, 0x00000000ed880000, 0x0000000100000000)
  eden space 181248K, 0% used [0x00000000e0000000,0x00000000e0000000,0x00000000eb100000)
  from space 15872K, 0% used [0x00000000ec000000,0x00000000ec000000,0x00000000ecf80000)
  to   space 15360K, 0% used [0x00000000eb100000,0x00000000eb100000,0x00000000ec000000)
 ParOldGen       total 118272K, used 24378K [0x00000000a0000000, 0x00000000a7380000, 0x00000000e0000000)
  object space 118272K, 20% used [0x00000000a0000000,0x00000000a17cebf8,0x00000000a7380000)
 Metaspace       used 34386K, capacity 35092K, committed 35416K, reserved 1079296K
  class space    used 4694K, capacity 4955K, committed 5120K, reserved 1048576K
}
Event: 10.142 GC heap before
{Heap before GC invocations=9 (full 2):
 PSYoungGen      total 197120K, used 181248K [0x00000000e0000000, 0x00000000ed880000, 0x0000000100000000)
  eden space 181248K, 100% used [0x00000000e0000000,0x00000000eb100000,0x00000000eb100000)
  from space 15872K, 0% used [0x00000000ec000000,0x00000000ec000000,0x00000000ecf80000)
  to   space 15360K, 0% used [0x00000000eb100000,0x00000000eb100000,0x00000000ec000000)
 ParOldGen       total 118272K, used 24378K [0x00000000a0000000, 0x00000000a7380000, 0x00000000e0000000)
  object space 118272K, 20% used [0x00000000a0000000,0x00000000a17cebf8,0x00000000a7380000)
 Metaspace       used 49000K, capacity 50170K, committed 50432K, reserved 1093632K
  class space    used 6489K, capacity 6841K, committed 6912K, reserved 1048576K
Event: 10.158 GC heap after
Heap after GC invocations=9 (full 2):
 PSYoungGen      total 196608K, used 15328K [0x00000000e0000000, 0x00000000f1380000, 0x0000000100000000)
  eden space 181248K, 0% used [0x00000000e0000000,0x00000000e0000000,0x00000000eb100000)
  from space 15360K, 99% used [0x00000000eb100000,0x00000000ebff8118,0x00000000ec000000)
  to   space 19456K, 0% used [0x00000000f0080000,0x00000000f0080000,0x00000000f1380000)
 ParOldGen       total 118272K, used 27872K [0x00000000a0000000, 0x00000000a7380000, 0x00000000e0000000)
  object space 118272K, 23% used [0x00000000a0000000,0x00000000a1b380c0,0x00000000a7380000)
 Metaspace       used 49000K, capacity 50170K, committed 50432K, reserved 1093632K
  class space    used 6489K, capacity 6841K, committed 6912K, reserved 1048576K
}
Event: 12.274 GC heap before
{Heap before GC invocations=10 (full 2):
 PSYoungGen      total 196608K, used 196576K [0x00000000e0000000, 0x00000000f1380000, 0x0000000100000000)
  eden space 181248K, 100% used [0x00000000e0000000,0x00000000eb100000,0x00000000eb100000)
  from space 15360K, 99% used [0x00000000eb100000,0x00000000ebff8118,0x00000000ec000000)
  to   space 19456K, 0% used [0x00000000f0080000,0x00000000f0080000,0x00000000f1380000)
 ParOldGen       total 118272K, used 27872K [0x00000000a0000000, 0x00000000a7380000, 0x00000000e0000000)
  object space 118272K, 23% used [0x00000000a0000000,0x00000000a1b380c0,0x00000000a7380000)
 Metaspace       used 55225K, capacity 56878K, committed 56960K, reserved 1097728K
  class space    used 7310K, capacity 7797K, committed 7808K, reserved 1048576K
Event: 12.303 GC heap after
Heap after GC invocations=10 (full 2):
 PSYoungGen      total 257536K, used 19450K [0x00000000e0000000, 0x00000000f1d00000, 0x0000000100000000)
  eden space 238080K, 0% used [0x00000000e0000000,0x00000000e0000000,0x00000000ee880000)
  from space 19456K, 99% used [0x00000000f0080000,0x00000000f137e898,0x00000000f1380000)
  to   space 24576K, 0% used [0x00000000ee880000,0x00000000ee880000,0x00000000f0080000)
 ParOldGen       total 118272K, used 33094K [0x00000000a0000000, 0x00000000a7380000, 0x00000000e0000000)
  object space 118272K, 27% used [0x00000000a0000000,0x00000000a2051b80,0x00000000a7380000)
 Metaspace       used 55225K, capacity 56878K, committed 56960K, reserved 1097728K
  class space    used 7310K, capacity 7797K, committed 7808K, reserved 1048576K
}
Event: 12.485 GC heap before
{Heap before GC invocations=11 (full 2):
 PSYoungGen      total 257536K, used 31733K [0x00000000e0000000, 0x00000000f1d00000, 0x0000000100000000)
  eden space 238080K, 5% used [0x00000000e0000000,0x00000000e0bfeb88,0x00000000ee880000)
  from space 19456K, 99% used [0x00000000f0080000,0x00000000f137e898,0x00000000f1380000)
  to   space 24576K, 0% used [0x00000000ee880000,0x00000000ee880000,0x00000000f0080000)
 ParOldGen       total 118272K, used 33094K [0x00000000a0000000, 0x00000000a7380000, 0x00000000e0000000)
  object space 118272K, 27% used [0x00000000a0000000,0x00000000a2051b80,0x00000000a7380000)
 Metaspace       used 57222K, capacity 58902K, committed 59008K, reserved 1099776K
  class space    used 7555K, capacity 8061K, committed 8064K, reserved 1048576K
Event: 12.500 GC heap after
Heap after GC invocations=11 (full 2):
 PSYoungGen      total 262656K, used 20485K [0x00000000e0000000, 0x00000000f1d00000, 0x0000000100000000)
  eden space 238080K, 0% used [0x00000000e0000000,0x00000000e0000000,0x00000000ee880000)
  from space 24576K, 83% used [0x00000000ee880000,0x00000000efc81418,0x00000000f0080000)
  to   space 19456K, 0% used [0x00000000f0080000,0x00000000f0080000,0x00000000f1380000)
 ParOldGen       total 118272K, used 33102K [0x00000000a0000000, 0x00000000a7380000, 0x00000000e0000000)
  object space 118272K, 27% used [0x00000000a0000000,0x00000000a2053b80,0x00000000a7380000)
 Metaspace       used 57222K, capacity 58902K, committed 59008K, reserved 1099776K
  class space    used 7555K, capacity 8061K, committed 8064K, reserved 1048576K
}
Event: 12.500 GC heap before
{Heap before GC invocations=12 (full 3):
 PSYoungGen      total 262656K, used 20485K [0x00000000e0000000, 0x00000000f1d00000, 0x0000000100000000)
  eden space 238080K, 0% used [0x00000000e0000000,0x00000000e0000000,0x00000000ee880000)
  from space 24576K, 83% used [0x00000000ee880000,0x00000000efc81418,0x00000000f0080000)
  to   space 19456K, 0% used [0x00000000f0080000,0x00000000f0080000,0x00000000f1380000)
 ParOldGen       total 118272K, used 33102K [0x00000000a0000000, 0x00000000a7380000, 0x00000000e0000000)
  object space 118272K, 27% used [0x00000000a0000000,0x00000000a2053b80,0x00000000a7380000)
 Metaspace       used 57222K, capacity 58902K, committed 59008K, reserved 1099776K
  class space    used 7555K, capacity 8061K, committed 8064K, reserved 1048576K
Event: 12.649 GC heap after
Heap after GC invocations=12 (full 3):
 PSYoungGen      total 262656K, used 0K [0x00000000e0000000, 0x00000000f1d00000, 0x0000000100000000)
  eden space 238080K, 0% used [0x00000000e0000000,0x00000000e0000000,0x00000000ee880000)
  from space 24576K, 0% used [0x00000000ee880000,0x00000000ee880000,0x00000000f0080000)
  to   space 19456K, 0% used [0x00000000f0080000,0x00000000f0080000,0x00000000f1380000)
 ParOldGen       total 118272K, used 36102K [0x00000000a0000000, 0x00000000a7380000, 0x00000000e0000000)
  object space 118272K, 30% used [0x00000000a0000000,0x00000000a2341a70,0x00000000a7380000)
 Metaspace       used 56956K, capacity 58494K, committed 59008K, reserved 1099776K
  class space    used 7494K, capacity 7954K, committed 8064K, reserved 1048576K
}

