# JRE version: OpenJDK Runtime Environment (8.0_152-b06) (build 1.8.0_152-release-1136-b06)
# Java VM: OpenJDK 64-Bit Server VM (25.152-b06 mixed mode windows-amd64 compressed oops)
Heap:
 PSYoungGen      total 216064K, used 87588K [0x00000000e0000000, 0x00000000ef280000, 0x0000000100000000)
  eden space 193024K, 45% used [0x00000000e0000000,0x00000000e5589278,0x00000000ebc80000)
  from space 23040K, 0% used [0x00000000edc00000,0x00000000edc00000,0x00000000ef280000)
  to   space 27648K, 0% used [0x00000000ebc80000,0x00000000ebc80000,0x00000000ed780000)
 ParOldGen       total 155136K, used 37893K [0x00000000a0000000, 0x00000000a9780000, 0x00000000e0000000)
  object space 155136K, 24% used [0x00000000a0000000,0x00000000a2501738,0x00000000a9780000)
 Metaspace       used 57701K, capacity 60244K, committed 60436K, reserved 1101824K
  class space    used 7599K, capacity 8206K, committed 8252K, reserved 1048576K
GC Heap History (10 events):
Event: 5.212 GC heap before
{Heap before GC invocations=11 (full 2):
 PSYoungGen      total 142848K, used 142724K [0x00000000e0000000, 0x00000000e9f80000, 0x0000000100000000)
  eden space 133120K, 100% used [0x00000000e0000000,0x00000000e8200000,0x00000000e8200000)
  from space 9728K, 98% used [0x00000000e9600000,0x00000000e9f610b0,0x00000000e9f80000)
  to   space 12288K, 0% used [0x00000000e8780000,0x00000000e8780000,0x00000000e9380000)
 ParOldGen       total 100352K, used 15749K [0x00000000a0000000, 0x00000000a6200000, 0x00000000e0000000)
  object space 100352K, 15% used [0x00000000a0000000,0x00000000a0f61498,0x00000000a6200000)
 Metaspace       used 45793K, capacity 46966K, committed 47064K, reserved 1089536K
  class space    used 6186K, capacity 6571K, committed 6656K, reserved 1048576K
Event: 5.223 GC heap after
Heap after GC invocations=11 (full 2):
 PSYoungGen      total 151040K, used 12276K [0x00000000e0000000, 0x00000000ebe00000, 0x0000000100000000)
  eden space 138752K, 0% used [0x00000000e0000000,0x00000000e0000000,0x00000000e8780000)
  from space 12288K, 99% used [0x00000000e8780000,0x00000000e937d230,0x00000000e9380000)
  to   space 15360K, 0% used [0x00000000eaf00000,0x00000000eaf00000,0x00000000ebe00000)
 ParOldGen       total 100352K, used 20447K [0x00000000a0000000, 0x00000000a6200000, 0x00000000e0000000)
  object space 100352K, 20% used [0x00000000a0000000,0x00000000a13f7f78,0x00000000a6200000)
 Metaspace       used 45793K, capacity 46966K, committed 47064K, reserved 1089536K
  class space    used 6186K, capacity 6571K, committed 6656K, reserved 1048576K
}
Event: 5.794 GC heap before
{Heap before GC invocations=12 (full 2):
 PSYoungGen      total 151040K, used 151028K [0x00000000e0000000, 0x00000000ebe00000, 0x0000000100000000)
  eden space 138752K, 100% used [0x00000000e0000000,0x00000000e8780000,0x00000000e8780000)
  from space 12288K, 99% used [0x00000000e8780000,0x00000000e937d230,0x00000000e9380000)
  to   space 15360K, 0% used [0x00000000eaf00000,0x00000000eaf00000,0x00000000ebe00000)
 ParOldGen       total 100352K, used 20447K [0x00000000a0000000, 0x00000000a6200000, 0x00000000e0000000)
  object space 100352K, 20% used [0x00000000a0000000,0x00000000a13f7f78,0x00000000a6200000)
 Metaspace       used 47291K, capacity 48570K, committed 48728K, reserved 1091584K
  class space    used 6350K, capacity 6725K, committed 6784K, reserved 1048576K
Event: 5.806 GC heap after
Heap after GC invocations=12 (full 2):
 PSYoungGen      total 175616K, used 15352K [0x00000000e0000000, 0x00000000ece80000, 0x0000000100000000)
  eden space 160256K, 0% used [0x00000000e0000000,0x00000000e0000000,0x00000000e9c80000)
  from space 15360K, 99% used [0x00000000eaf00000,0x00000000ebdfe3c0,0x00000000ebe00000)
  to   space 18944K, 0% used [0x00000000e9c80000,0x00000000e9c80000,0x00000000eaf00000)
 ParOldGen       total 100352K, used 24227K [0x00000000a0000000, 0x00000000a6200000, 0x00000000e0000000)
  object space 100352K, 24% used [0x00000000a0000000,0x00000000a17a8e30,0x00000000a6200000)
 Metaspace       used 47291K, capacity 48570K, committed 48728K, reserved 1091584K
  class space    used 6350K, capacity 6725K, committed 6784K, reserved 1048576K
}
Event: 8.465 GC heap before
{Heap before GC invocations=13 (full 2):
 PSYoungGen      total 175616K, used 175608K [0x00000000e0000000, 0x00000000ece80000, 0x0000000100000000)
  eden space 160256K, 100% used [0x00000000e0000000,0x00000000e9c80000,0x00000000e9c80000)
  from space 15360K, 99% used [0x00000000eaf00000,0x00000000ebdfe3c0,0x00000000ebe00000)
  to   space 18944K, 0% used [0x00000000e9c80000,0x00000000e9c80000,0x00000000eaf00000)
 ParOldGen       total 100352K, used 24227K [0x00000000a0000000, 0x00000000a6200000, 0x00000000e0000000)
  object space 100352K, 24% used [0x00000000a0000000,0x00000000a17a8e30,0x00000000a6200000)
 Metaspace       used 55782K, capacity 57910K, committed 58072K, reserved 1099776K
  class space    used 7401K, capacity 7924K, committed 7936K, reserved 1048576K
Event: 8.500 GC heap after
Heap after GC invocations=13 (full 2):
 PSYoungGen      total 179200K, used 18924K [0x00000000e0000000, 0x00000000ef580000, 0x0000000100000000)
  eden space 160256K, 0% used [0x00000000e0000000,0x00000000e0000000,0x00000000e9c80000)
  from space 18944K, 99% used [0x00000000e9c80000,0x00000000eaefb240,0x00000000eaf00000)
  to   space 26112K, 0% used [0x00000000edc00000,0x00000000edc00000,0x00000000ef580000)
 ParOldGen       total 100352K, used 37313K [0x00000000a0000000, 0x00000000a6200000, 0x00000000e0000000)
  object space 100352K, 37% used [0x00000000a0000000,0x00000000a2470700,0x00000000a6200000)
 Metaspace       used 55782K, capacity 57910K, committed 58072K, reserved 1099776K
  class space    used 7401K, capacity 7924K, committed 7936K, reserved 1048576K
}
Event: 341.407 GC heap before
{Heap before GC invocations=14 (full 2):
 PSYoungGen      total 179200K, used 68755K [0x00000000e0000000, 0x00000000ef580000, 0x0000000100000000)
  eden space 160256K, 31% used [0x00000000e0000000,0x00000000e30a9b18,0x00000000e9c80000)
  from space 18944K, 99% used [0x00000000e9c80000,0x00000000eaefb240,0x00000000eaf00000)
  to   space 26112K, 0% used [0x00000000edc00000,0x00000000edc00000,0x00000000ef580000)
 ParOldGen       total 100352K, used 37313K [0x00000000a0000000, 0x00000000a6200000, 0x00000000e0000000)
  object space 100352K, 37% used [0x00000000a0000000,0x00000000a2470700,0x00000000a6200000)
 Metaspace       used 56810K, capacity 58974K, committed 59028K, reserved 1099776K
  class space    used 7533K, capacity 8093K, committed 8124K, reserved 1048576K
Event: 341.428 GC heap after
Heap after GC invocations=14 (full 2):
 PSYoungGen      total 216064K, used 20588K [0x00000000e0000000, 0x00000000ef280000, 0x0000000100000000)
  eden space 193024K, 0% used [0x00000000e0000000,0x00000000e0000000,0x00000000ebc80000)
  from space 23040K, 89% used [0x00000000edc00000,0x00000000ef01b260,0x00000000ef280000)
  to   space 27648K, 0% used [0x00000000ebc80000,0x00000000ebc80000,0x00000000ed780000)
 ParOldGen       total 100352K, used 37321K [0x00000000a0000000, 0x00000000a6200000, 0x00000000e0000000)
  object space 100352K, 37% used [0x00000000a0000000,0x00000000a2472700,0x00000000a6200000)
 Metaspace       used 56810K, capacity 58974K, committed 59028K, reserved 1099776K
  class space    used 7533K, capacity 8093K, committed 8124K, reserved 1048576K
}
Event: 341.428 GC heap before
{Heap before GC invocations=15 (full 3):
 PSYoungGen      total 216064K, used 20588K [0x00000000e0000000, 0x00000000ef280000, 0x0000000100000000)
  eden space 193024K, 0% used [0x00000000e0000000,0x00000000e0000000,0x00000000ebc80000)
  from space 23040K, 89% used [0x00000000edc00000,0x00000000ef01b260,0x00000000ef280000)
  to   space 27648K, 0% used [0x00000000ebc80000,0x00000000ebc80000,0x00000000ed780000)
 ParOldGen       total 100352K, used 37321K [0x00000000a0000000, 0x00000000a6200000, 0x00000000e0000000)
  object space 100352K, 37% used [0x00000000a0000000,0x00000000a2472700,0x00000000a6200000)
 Metaspace       used 56810K, capacity 58974K, committed 59028K, reserved 1099776K
  class space    used 7533K, capacity 8093K, committed 8124K, reserved 1048576K
Event: 341.607 GC heap after
Heap after GC invocations=15 (full 3):
 PSYoungGen      total 216064K, used 0K [0x00000000e0000000, 0x00000000ef280000, 0x0000000100000000)
  eden space 193024K, 0% used [0x00000000e0000000,0x00000000e0000000,0x00000000ebc80000)
  from space 23040K, 0% used [0x00000000edc00000,0x00000000edc00000,0x00000000ef280000)
  to   space 27648K, 0% used [0x00000000ebc80000,0x00000000ebc80000,0x00000000ed780000)
 ParOldGen       total 155136K, used 37893K [0x00000000a0000000, 0x00000000a9780000, 0x00000000e0000000)
  object space 155136K, 24% used [0x00000000a0000000,0x00000000a2501738,0x00000000a9780000)
 Metaspace       used 56810K, capacity 58974K, committed 59028K, reserved 1099776K
  class space    used 7533K, capacity 8093K, committed 8124K, reserved 1048576K
}

